{"numTotalTestSuites":103,"numPassedTestSuites":90,"numFailedTestSuites":13,"numPendingTestSuites":0,"numTotalTests":125,"numPassedTests":71,"numFailedTests":54,"numPendingTests":0,"numTodoTests":0,"snapshot":{"added":0,"failure":false,"filesAdded":0,"filesRemoved":0,"filesRemovedList":[],"filesUnmatched":0,"filesUpdated":0,"matched":0,"total":0,"unchecked":0,"uncheckedKeysByFile":[],"unmatched":0,"updated":0,"didUpdate":false},"startTime":1773202772292,"success":false,"testResults":[{"assertionResults":[{"ancestorTitles":[],"fullName":"App renders and navigates between views","status":"failed","title":"App renders and navigates between views","duration":14.865916999999854,"failureMessages":["Error: useAuth must be used within an AuthProvider\n    at useAuth (/Users/Omarjan/Projects/kitabim-ai/apps/frontend/src/hooks/useAuth.tsx:208:11)\n    at Navbar (/Users/Omarjan/Projects/kitabim-ai/apps/frontend/src/components/layout/Navbar.tsx:10:31)\n    at Object.react_stack_bottom_frame (/Users/Omarjan/Projects/kitabim-ai/node_modules/react-dom/cjs/react-dom-client.development.js:25904:20)\n    at renderWithHooks (/Users/Omarjan/Projects/kitabim-ai/node_modules/react-dom/cjs/react-dom-client.development.js:7662:22)\n    at updateFunctionComponent (/Users/Omarjan/Projects/kitabim-ai/node_modules/react-dom/cjs/react-dom-client.development.js:10166:19)\n    at beginWork (/Users/Omarjan/Projects/kitabim-ai/node_modules/react-dom/cjs/react-dom-client.development.js:11778:18)\n    at runWithFiberInDEV (/Users/Omarjan/Projects/kitabim-ai/node_modules/react-dom/cjs/react-dom-client.development.js:874:13)\n    at performUnitOfWork (/Users/Omarjan/Projects/kitabim-ai/node_modules/react-dom/cjs/react-dom-client.development.js:17641:22)\n    at workLoopSync (/Users/Omarjan/Projects/kitabim-ai/node_modules/react-dom/cjs/react-dom-client.development.js:17469:41)\n    at renderRootSync (/Users/Omarjan/Projects/kitabim-ai/node_modules/react-dom/cjs/react-dom-client.development.js:17450:11)"],"meta":{}},{"ancestorTitles":[],"fullName":"App opens reader from library click","status":"failed","title":"App opens reader from library click","duration":1.4206669999998667,"failureMessages":["Error: useAuth must be used within an AuthProvider\n    at useAuth (/Users/Omarjan/Projects/kitabim-ai/apps/frontend/src/hooks/useAuth.tsx:208:11)\n    at Navbar (/Users/Omarjan/Projects/kitabim-ai/apps/frontend/src/components/layout/Navbar.tsx:10:31)\n    at Object.react_stack_bottom_frame (/Users/Omarjan/Projects/kitabim-ai/node_modules/react-dom/cjs/react-dom-client.development.js:25904:20)\n    at renderWithHooks (/Users/Omarjan/Projects/kitabim-ai/node_modules/react-dom/cjs/react-dom-client.development.js:7662:22)\n    at updateFunctionComponent (/Users/Omarjan/Projects/kitabim-ai/node_modules/react-dom/cjs/react-dom-client.development.js:10166:19)\n    at beginWork (/Users/Omarjan/Projects/kitabim-ai/node_modules/react-dom/cjs/react-dom-client.development.js:11778:18)\n    at runWithFiberInDEV (/Users/Omarjan/Projects/kitabim-ai/node_modules/react-dom/cjs/react-dom-client.development.js:874:13)\n    at performUnitOfWork (/Users/Omarjan/Projects/kitabim-ai/node_modules/react-dom/cjs/react-dom-client.development.js:17641:22)\n    at workLoopSync (/Users/Omarjan/Projects/kitabim-ai/node_modules/react-dom/cjs/react-dom-client.development.js:17469:41)\n    at renderRootSync (/Users/Omarjan/Projects/kitabim-ai/node_modules/react-dom/cjs/react-dom-client.development.js:17450:11)"],"meta":{}},{"ancestorTitles":[],"fullName":"App shows loading overlay","status":"failed","title":"App shows loading overlay","duration":1.241457999999966,"failureMessages":["Error: useAuth must be used within an AuthProvider\n    at useAuth (/Users/Omarjan/Projects/kitabim-ai/apps/frontend/src/hooks/useAuth.tsx:208:11)\n    at Navbar (/Users/Omarjan/Projects/kitabim-ai/apps/frontend/src/components/layout/Navbar.tsx:10:31)\n    at Object.react_stack_bottom_frame (/Users/Omarjan/Projects/kitabim-ai/node_modules/react-dom/cjs/react-dom-client.development.js:25904:20)\n    at renderWithHooks (/Users/Omarjan/Projects/kitabim-ai/node_modules/react-dom/cjs/react-dom-client.development.js:7662:22)\n    at updateFunctionComponent (/Users/Omarjan/Projects/kitabim-ai/node_modules/react-dom/cjs/react-dom-client.development.js:10166:19)\n    at beginWork (/Users/Omarjan/Projects/kitabim-ai/node_modules/react-dom/cjs/react-dom-client.development.js:11778:18)\n    at runWithFiberInDEV (/Users/Omarjan/Projects/kitabim-ai/node_modules/react-dom/cjs/react-dom-client.development.js:874:13)\n    at performUnitOfWork (/Users/Omarjan/Projects/kitabim-ai/node_modules/react-dom/cjs/react-dom-client.development.js:17641:22)\n    at workLoopSync (/Users/Omarjan/Projects/kitabim-ai/node_modules/react-dom/cjs/react-dom-client.development.js:17469:41)\n    at renderRootSync (/Users/Omarjan/Projects/kitabim-ai/node_modules/react-dom/cjs/react-dom-client.development.js:17450:11)"],"meta":{}}],"startTime":1773202774450,"endTime":1773202774467.2415,"status":"failed","message":"","name":"/Users/Omarjan/Projects/kitabim-ai/apps/frontend/src/tests/App.test.tsx"},{"assertionResults":[{"ancestorTitles":["Basic test for useAuth"],"fullName":"Basic test for useAuth should pass basic sanity check","status":"passed","title":"should pass basic sanity check","duration":0.5217499999999973,"failureMessages":[],"meta":{}}],"startTime":1773202776820,"endTime":1773202776820.5217,"status":"passed","message":"","name":"/Users/Omarjan/Projects/kitabim-ai/apps/frontend/src/tests/hooks/useAuth.test.tsx"},{"assertionResults":[{"ancestorTitles":["Basic test for useBookActions"],"fullName":"Basic test for useBookActions should pass basic sanity check","status":"passed","title":"should pass basic sanity check","duration":0.8718340000000353,"failureMessages":[],"meta":{}}],"startTime":1773202776420,"endTime":1773202776420.8718,"status":"passed","message":"","name":"/Users/Omarjan/Projects/kitabim-ai/apps/frontend/src/tests/hooks/useBookActions.test.ts"},{"assertionResults":[{"ancestorTitles":[],"fullName":"useBookActions handles file upload","status":"failed","title":"useBookActions handles file upload","duration":12.13737500000002,"failureMessages":["Error: useNotification must be used within a NotificationProvider\n    at useNotification (/Users/Omarjan/Projects/kitabim-ai/apps/frontend/src/context/NotificationContext.tsx:47:11)\n    at Module.useBookActions (/Users/Omarjan/Projects/kitabim-ai/apps/frontend/src/hooks/useBookActions.ts:16:31)\n    at /Users/Omarjan/Projects/kitabim-ai/apps/frontend/src/tests/hooks/useBookActions.test.tsx:35:39\n    at TestComponent (/Users/Omarjan/Projects/kitabim-ai/node_modules/@testing-library/react/dist/pure.js:330:27)\n    at Object.react_stack_bottom_frame (/Users/Omarjan/Projects/kitabim-ai/node_modules/react-dom/cjs/react-dom-client.development.js:25904:20)\n    at renderWithHooks (/Users/Omarjan/Projects/kitabim-ai/node_modules/react-dom/cjs/react-dom-client.development.js:7662:22)\n    at updateFunctionComponent (/Users/Omarjan/Projects/kitabim-ai/node_modules/react-dom/cjs/react-dom-client.development.js:10166:19)\n    at beginWork (/Users/Omarjan/Projects/kitabim-ai/node_modules/react-dom/cjs/react-dom-client.development.js:11778:18)\n    at runWithFiberInDEV (/Users/Omarjan/Projects/kitabim-ai/node_modules/react-dom/cjs/react-dom-client.development.js:874:13)\n    at performUnitOfWork (/Users/Omarjan/Projects/kitabim-ai/node_modules/react-dom/cjs/react-dom-client.development.js:17641:22)"],"meta":{}},{"ancestorTitles":[],"fullName":"useBookActions ignores non-pdf uploads and handles upload errors","status":"failed","title":"useBookActions ignores non-pdf uploads and handles upload errors","duration":1.041417000000024,"failureMessages":["Error: useNotification must be used within a NotificationProvider\n    at useNotification (/Users/Omarjan/Projects/kitabim-ai/apps/frontend/src/context/NotificationContext.tsx:47:11)\n    at Module.useBookActions (/Users/Omarjan/Projects/kitabim-ai/apps/frontend/src/hooks/useBookActions.ts:16:31)\n    at /Users/Omarjan/Projects/kitabim-ai/apps/frontend/src/tests/hooks/useBookActions.test.tsx:53:39\n    at TestComponent (/Users/Omarjan/Projects/kitabim-ai/node_modules/@testing-library/react/dist/pure.js:330:27)\n    at Object.react_stack_bottom_frame (/Users/Omarjan/Projects/kitabim-ai/node_modules/react-dom/cjs/react-dom-client.development.js:25904:20)\n    at renderWithHooks (/Users/Omarjan/Projects/kitabim-ai/node_modules/react-dom/cjs/react-dom-client.development.js:7662:22)\n    at updateFunctionComponent (/Users/Omarjan/Projects/kitabim-ai/node_modules/react-dom/cjs/react-dom-client.development.js:10166:19)\n    at beginWork (/Users/Omarjan/Projects/kitabim-ai/node_modules/react-dom/cjs/react-dom-client.development.js:11778:18)\n    at runWithFiberInDEV (/Users/Omarjan/Projects/kitabim-ai/node_modules/react-dom/cjs/react-dom-client.development.js:874:13)\n    at performUnitOfWork (/Users/Omarjan/Projects/kitabim-ai/node_modules/react-dom/cjs/react-dom-client.development.js:17641:22)"],"meta":{}},{"ancestorTitles":[],"fullName":"useBookActions handles openReader","status":"failed","title":"useBookActions handles openReader","duration":0.9139590000000908,"failureMessages":["Error: useNotification must be used within a NotificationProvider\n    at useNotification (/Users/Omarjan/Projects/kitabim-ai/apps/frontend/src/context/NotificationContext.tsx:47:11)\n    at Module.useBookActions (/Users/Omarjan/Projects/kitabim-ai/apps/frontend/src/hooks/useBookActions.ts:16:31)\n    at /Users/Omarjan/Projects/kitabim-ai/apps/frontend/src/tests/hooks/useBookActions.test.tsx:79:39\n    at TestComponent (/Users/Omarjan/Projects/kitabim-ai/node_modules/@testing-library/react/dist/pure.js:330:27)\n    at Object.react_stack_bottom_frame (/Users/Omarjan/Projects/kitabim-ai/node_modules/react-dom/cjs/react-dom-client.development.js:25904:20)\n    at renderWithHooks (/Users/Omarjan/Projects/kitabim-ai/node_modules/react-dom/cjs/react-dom-client.development.js:7662:22)\n    at updateFunctionComponent (/Users/Omarjan/Projects/kitabim-ai/node_modules/react-dom/cjs/react-dom-client.development.js:10166:19)\n    at beginWork (/Users/Omarjan/Projects/kitabim-ai/node_modules/react-dom/cjs/react-dom-client.development.js:11778:18)\n    at runWithFiberInDEV (/Users/Omarjan/Projects/kitabim-ai/node_modules/react-dom/cjs/react-dom-client.development.js:874:13)\n    at performUnitOfWork (/Users/Omarjan/Projects/kitabim-ai/node_modules/react-dom/cjs/react-dom-client.development.js:17641:22)"],"meta":{}},{"ancestorTitles":[],"fullName":"useBookActions handles handleDeleteBook","status":"failed","title":"useBookActions handles handleDeleteBook","duration":0.8264159999999947,"failureMessages":["Error: useNotification must be used within a NotificationProvider\n    at useNotification (/Users/Omarjan/Projects/kitabim-ai/apps/frontend/src/context/NotificationContext.tsx:47:11)\n    at Module.useBookActions (/Users/Omarjan/Projects/kitabim-ai/apps/frontend/src/hooks/useBookActions.ts:16:31)\n    at /Users/Omarjan/Projects/kitabim-ai/apps/frontend/src/tests/hooks/useBookActions.test.tsx:91:39\n    at TestComponent (/Users/Omarjan/Projects/kitabim-ai/node_modules/@testing-library/react/dist/pure.js:330:27)\n    at Object.react_stack_bottom_frame (/Users/Omarjan/Projects/kitabim-ai/node_modules/react-dom/cjs/react-dom-client.development.js:25904:20)\n    at renderWithHooks (/Users/Omarjan/Projects/kitabim-ai/node_modules/react-dom/cjs/react-dom-client.development.js:7662:22)\n    at updateFunctionComponent (/Users/Omarjan/Projects/kitabim-ai/node_modules/react-dom/cjs/react-dom-client.development.js:10166:19)\n    at beginWork (/Users/Omarjan/Projects/kitabim-ai/node_modules/react-dom/cjs/react-dom-client.development.js:11778:18)\n    at runWithFiberInDEV (/Users/Omarjan/Projects/kitabim-ai/node_modules/react-dom/cjs/react-dom-client.development.js:874:13)\n    at performUnitOfWork (/Users/Omarjan/Projects/kitabim-ai/node_modules/react-dom/cjs/react-dom-client.development.js:17641:22)"],"meta":{}},{"ancestorTitles":[],"fullName":"useBookActions handles reset failed pages","status":"failed","title":"useBookActions handles reset failed pages","duration":0.8196250000000873,"failureMessages":["Error: useNotification must be used within a NotificationProvider\n    at useNotification (/Users/Omarjan/Projects/kitabim-ai/apps/frontend/src/context/NotificationContext.tsx:47:11)\n    at Module.useBookActions (/Users/Omarjan/Projects/kitabim-ai/apps/frontend/src/hooks/useBookActions.ts:16:31)\n    at /Users/Omarjan/Projects/kitabim-ai/apps/frontend/src/tests/hooks/useBookActions.test.tsx:115:39\n    at TestComponent (/Users/Omarjan/Projects/kitabim-ai/node_modules/@testing-library/react/dist/pure.js:330:27)\n    at Object.react_stack_bottom_frame (/Users/Omarjan/Projects/kitabim-ai/node_modules/react-dom/cjs/react-dom-client.development.js:25904:20)\n    at renderWithHooks (/Users/Omarjan/Projects/kitabim-ai/node_modules/react-dom/cjs/react-dom-client.development.js:7662:22)\n    at updateFunctionComponent (/Users/Omarjan/Projects/kitabim-ai/node_modules/react-dom/cjs/react-dom-client.development.js:10166:19)\n    at beginWork (/Users/Omarjan/Projects/kitabim-ai/node_modules/react-dom/cjs/react-dom-client.development.js:11778:18)\n    at runWithFiberInDEV (/Users/Omarjan/Projects/kitabim-ai/node_modules/react-dom/cjs/react-dom-client.development.js:874:13)\n    at performUnitOfWork (/Users/Omarjan/Projects/kitabim-ai/node_modules/react-dom/cjs/react-dom-client.development.js:17641:22)"],"meta":{}},{"ancestorTitles":[],"fullName":"useBookActions updates page text and saves corrections","status":"failed","title":"useBookActions updates page text and saves corrections","duration":0.7100409999999329,"failureMessages":["Error: useNotification must be used within a NotificationProvider\n    at useNotification (/Users/Omarjan/Projects/kitabim-ai/apps/frontend/src/context/NotificationContext.tsx:47:11)\n    at Module.useBookActions (/Users/Omarjan/Projects/kitabim-ai/apps/frontend/src/hooks/useBookActions.ts:16:31)\n    at /Users/Omarjan/Projects/kitabim-ai/apps/frontend/src/tests/hooks/useBookActions.test.tsx:138:39\n    at TestComponent (/Users/Omarjan/Projects/kitabim-ai/node_modules/@testing-library/react/dist/pure.js:330:27)\n    at Object.react_stack_bottom_frame (/Users/Omarjan/Projects/kitabim-ai/node_modules/react-dom/cjs/react-dom-client.development.js:25904:20)\n    at renderWithHooks (/Users/Omarjan/Projects/kitabim-ai/node_modules/react-dom/cjs/react-dom-client.development.js:7662:22)\n    at updateFunctionComponent (/Users/Omarjan/Projects/kitabim-ai/node_modules/react-dom/cjs/react-dom-client.development.js:10166:19)\n    at beginWork (/Users/Omarjan/Projects/kitabim-ai/node_modules/react-dom/cjs/react-dom-client.development.js:11778:18)\n    at runWithFiberInDEV (/Users/Omarjan/Projects/kitabim-ai/node_modules/react-dom/cjs/react-dom-client.development.js:874:13)\n    at performUnitOfWork (/Users/Omarjan/Projects/kitabim-ai/node_modules/react-dom/cjs/react-dom-client.development.js:17641:22)"],"meta":{}},{"ancestorTitles":[],"fullName":"useBookActions updates title, author, and categories","status":"failed","title":"useBookActions updates title, author, and categories","duration":0.5690830000000915,"failureMessages":["Error: useNotification must be used within a NotificationProvider\n    at useNotification (/Users/Omarjan/Projects/kitabim-ai/apps/frontend/src/context/NotificationContext.tsx:47:11)\n    at Module.useBookActions (/Users/Omarjan/Projects/kitabim-ai/apps/frontend/src/hooks/useBookActions.ts:16:31)\n    at /Users/Omarjan/Projects/kitabim-ai/apps/frontend/src/tests/hooks/useBookActions.test.tsx:174:39\n    at TestComponent (/Users/Omarjan/Projects/kitabim-ai/node_modules/@testing-library/react/dist/pure.js:330:27)\n    at Object.react_stack_bottom_frame (/Users/Omarjan/Projects/kitabim-ai/node_modules/react-dom/cjs/react-dom-client.development.js:25904:20)\n    at renderWithHooks (/Users/Omarjan/Projects/kitabim-ai/node_modules/react-dom/cjs/react-dom-client.development.js:7662:22)\n    at updateFunctionComponent (/Users/Omarjan/Projects/kitabim-ai/node_modules/react-dom/cjs/react-dom-client.development.js:10166:19)\n    at beginWork (/Users/Omarjan/Projects/kitabim-ai/node_modules/react-dom/cjs/react-dom-client.development.js:11778:18)\n    at runWithFiberInDEV (/Users/Omarjan/Projects/kitabim-ai/node_modules/react-dom/cjs/react-dom-client.development.js:874:13)\n    at performUnitOfWork (/Users/Omarjan/Projects/kitabim-ai/node_modules/react-dom/cjs/react-dom-client.development.js:17641:22)"],"meta":{}},{"ancestorTitles":[],"fullName":"useBookActions validates volume input","status":"failed","title":"useBookActions validates volume input","duration":0.6241670000000568,"failureMessages":["Error: useNotification must be used within a NotificationProvider\n    at useNotification (/Users/Omarjan/Projects/kitabim-ai/apps/frontend/src/context/NotificationContext.tsx:47:11)\n    at Module.useBookActions (/Users/Omarjan/Projects/kitabim-ai/apps/frontend/src/hooks/useBookActions.ts:16:31)\n    at /Users/Omarjan/Projects/kitabim-ai/apps/frontend/src/tests/hooks/useBookActions.test.tsx:189:39\n    at TestComponent (/Users/Omarjan/Projects/kitabim-ai/node_modules/@testing-library/react/dist/pure.js:330:27)\n    at Object.react_stack_bottom_frame (/Users/Omarjan/Projects/kitabim-ai/node_modules/react-dom/cjs/react-dom-client.development.js:25904:20)\n    at renderWithHooks (/Users/Omarjan/Projects/kitabim-ai/node_modules/react-dom/cjs/react-dom-client.development.js:7662:22)\n    at updateFunctionComponent (/Users/Omarjan/Projects/kitabim-ai/node_modules/react-dom/cjs/react-dom-client.development.js:10166:19)\n    at beginWork (/Users/Omarjan/Projects/kitabim-ai/node_modules/react-dom/cjs/react-dom-client.development.js:11778:18)\n    at runWithFiberInDEV (/Users/Omarjan/Projects/kitabim-ai/node_modules/react-dom/cjs/react-dom-client.development.js:874:13)\n    at performUnitOfWork (/Users/Omarjan/Projects/kitabim-ai/node_modules/react-dom/cjs/react-dom-client.development.js:17641:22)"],"meta":{}}],"startTime":1773202773168,"endTime":1773202773185.6243,"status":"failed","message":"","name":"/Users/Omarjan/Projects/kitabim-ai/apps/frontend/src/tests/hooks/useBookActions.test.tsx"},{"assertionResults":[{"ancestorTitles":["Basic test for useBooks"],"fullName":"Basic test for useBooks should pass basic sanity check","status":"passed","title":"should pass basic sanity check","duration":1.2557910000000447,"failureMessages":[],"meta":{}}],"startTime":1773202774356,"endTime":1773202774357.2559,"status":"passed","message":"","name":"/Users/Omarjan/Projects/kitabim-ai/apps/frontend/src/tests/hooks/useBooks.test.ts"},{"assertionResults":[{"ancestorTitles":[],"fullName":"useBooks fetches library data on refresh","status":"passed","title":"useBooks fetches library data on refresh","duration":10.945916000000011,"failureMessages":[],"meta":{}},{"ancestorTitles":[],"fullName":"useBooks handles sorting","status":"failed","title":"useBooks handles sorting","duration":2.5358340000000226,"failureMessages":["TypeError: result.current.toggleSort is not a function\n    at /Users/Omarjan/Projects/kitabim-ai/apps/frontend/src/tests/hooks/useBooks.test.tsx:40:20\n    at /Users/Omarjan/Projects/kitabim-ai/node_modules/@testing-library/react/dist/act-compat.js:47:24\n    at process.env.NODE_ENV.exports.act (/Users/Omarjan/Projects/kitabim-ai/node_modules/react/cjs/react.development.js:814:22)\n    at Proxy.<anonymous> (/Users/Omarjan/Projects/kitabim-ai/node_modules/@testing-library/react/dist/act-compat.js:46:25)\n    at /Users/Omarjan/Projects/kitabim-ai/apps/frontend/src/tests/hooks/useBooks.test.tsx:39:3\n    at file:///Users/Omarjan/Projects/kitabim-ai/node_modules/@vitest/runner/dist/index.js:145:11\n    at file:///Users/Omarjan/Projects/kitabim-ai/node_modules/@vitest/runner/dist/index.js:915:26\n    at file:///Users/Omarjan/Projects/kitabim-ai/node_modules/@vitest/runner/dist/index.js:1243:20\n    at new Promise (<anonymous>)\n    at runWithTimeout (file:///Users/Omarjan/Projects/kitabim-ai/node_modules/@vitest/runner/dist/index.js:1209:10)"],"meta":{}},{"ancestorTitles":[],"fullName":"useBooks handles loadMoreShelf","status":"passed","title":"useBooks handles loadMoreShelf","duration":1.6819169999999986,"failureMessages":[],"meta":{}}],"startTime":1773202773165,"endTime":1773202773179.682,"status":"failed","message":"","name":"/Users/Omarjan/Projects/kitabim-ai/apps/frontend/src/tests/hooks/useBooks.test.tsx"},{"assertionResults":[{"ancestorTitles":["Basic test for useChat"],"fullName":"Basic test for useChat should pass basic sanity check","status":"passed","title":"should pass basic sanity check","duration":0.5111249999999927,"failureMessages":[],"meta":{}}],"startTime":1773202774994,"endTime":1773202774994.5112,"status":"passed","message":"","name":"/Users/Omarjan/Projects/kitabim-ai/apps/frontend/src/tests/hooks/useChat.test.ts"},{"assertionResults":[{"ancestorTitles":[],"fullName":"useChat handles sending message","status":"failed","title":"useChat handles sending message","duration":13.046207999999979,"failureMessages":["Error: useAuth must be used within an AuthProvider\n    at useAuth (/Users/Omarjan/Projects/kitabim-ai/apps/frontend/src/hooks/useAuth.tsx:208:11)\n    at Module.useChat (/Users/Omarjan/Projects/kitabim-ai/apps/frontend/src/hooks/useChat.ts:7:31)\n    at /Users/Omarjan/Projects/kitabim-ai/apps/frontend/src/tests/hooks/useChat.test.tsx:22:39\n    at TestComponent (/Users/Omarjan/Projects/kitabim-ai/node_modules/@testing-library/react/dist/pure.js:330:27)\n    at Object.react_stack_bottom_frame (/Users/Omarjan/Projects/kitabim-ai/node_modules/react-dom/cjs/react-dom-client.development.js:25904:20)\n    at renderWithHooks (/Users/Omarjan/Projects/kitabim-ai/node_modules/react-dom/cjs/react-dom-client.development.js:7662:22)\n    at updateFunctionComponent (/Users/Omarjan/Projects/kitabim-ai/node_modules/react-dom/cjs/react-dom-client.development.js:10166:19)\n    at beginWork (/Users/Omarjan/Projects/kitabim-ai/node_modules/react-dom/cjs/react-dom-client.development.js:11778:18)\n    at runWithFiberInDEV (/Users/Omarjan/Projects/kitabim-ai/node_modules/react-dom/cjs/react-dom-client.development.js:874:13)\n    at performUnitOfWork (/Users/Omarjan/Projects/kitabim-ai/node_modules/react-dom/cjs/react-dom-client.development.js:17641:22)"],"meta":{}},{"ancestorTitles":[],"fullName":"useChat handles global chat","status":"failed","title":"useChat handles global chat","duration":6.173250000000053,"failureMessages":["Error: useAuth must be used within an AuthProvider\n    at useAuth (/Users/Omarjan/Projects/kitabim-ai/apps/frontend/src/hooks/useAuth.tsx:208:11)\n    at Module.useChat (/Users/Omarjan/Projects/kitabim-ai/apps/frontend/src/hooks/useChat.ts:7:31)\n    at /Users/Omarjan/Projects/kitabim-ai/apps/frontend/src/tests/hooks/useChat.test.tsx:40:39\n    at TestComponent (/Users/Omarjan/Projects/kitabim-ai/node_modules/@testing-library/react/dist/pure.js:330:27)\n    at Object.react_stack_bottom_frame (/Users/Omarjan/Projects/kitabim-ai/node_modules/react-dom/cjs/react-dom-client.development.js:25904:20)\n    at renderWithHooks (/Users/Omarjan/Projects/kitabim-ai/node_modules/react-dom/cjs/react-dom-client.development.js:7662:22)\n    at updateFunctionComponent (/Users/Omarjan/Projects/kitabim-ai/node_modules/react-dom/cjs/react-dom-client.development.js:10166:19)\n    at beginWork (/Users/Omarjan/Projects/kitabim-ai/node_modules/react-dom/cjs/react-dom-client.development.js:11778:18)\n    at runWithFiberInDEV (/Users/Omarjan/Projects/kitabim-ai/node_modules/react-dom/cjs/react-dom-client.development.js:874:13)\n    at performUnitOfWork (/Users/Omarjan/Projects/kitabim-ai/node_modules/react-dom/cjs/react-dom-client.development.js:17641:22)"],"meta":{}},{"ancestorTitles":[],"fullName":"useChat handles error state","status":"failed","title":"useChat handles error state","duration":1.0479579999999942,"failureMessages":["Error: useAuth must be used within an AuthProvider\n    at useAuth (/Users/Omarjan/Projects/kitabim-ai/apps/frontend/src/hooks/useAuth.tsx:208:11)\n    at Module.useChat (/Users/Omarjan/Projects/kitabim-ai/apps/frontend/src/hooks/useChat.ts:7:31)\n    at /Users/Omarjan/Projects/kitabim-ai/apps/frontend/src/tests/hooks/useChat.test.tsx:56:39\n    at TestComponent (/Users/Omarjan/Projects/kitabim-ai/node_modules/@testing-library/react/dist/pure.js:330:27)\n    at Object.react_stack_bottom_frame (/Users/Omarjan/Projects/kitabim-ai/node_modules/react-dom/cjs/react-dom-client.development.js:25904:20)\n    at renderWithHooks (/Users/Omarjan/Projects/kitabim-ai/node_modules/react-dom/cjs/react-dom-client.development.js:7662:22)\n    at updateFunctionComponent (/Users/Omarjan/Projects/kitabim-ai/node_modules/react-dom/cjs/react-dom-client.development.js:10166:19)\n    at beginWork (/Users/Omarjan/Projects/kitabim-ai/node_modules/react-dom/cjs/react-dom-client.development.js:11778:18)\n    at runWithFiberInDEV (/Users/Omarjan/Projects/kitabim-ai/node_modules/react-dom/cjs/react-dom-client.development.js:874:13)\n    at performUnitOfWork (/Users/Omarjan/Projects/kitabim-ai/node_modules/react-dom/cjs/react-dom-client.development.js:17641:22)"],"meta":{}}],"startTime":1773202773983,"endTime":1773202774003.0479,"status":"failed","message":"","name":"/Users/Omarjan/Projects/kitabim-ai/apps/frontend/src/tests/hooks/useChat.test.tsx"},{"assertionResults":[{"ancestorTitles":["Basic test for usePendingCorrections"],"fullName":"Basic test for usePendingCorrections should pass basic sanity check","status":"passed","title":"should pass basic sanity check","duration":0.5261669999999867,"failureMessages":[],"meta":{}}],"startTime":1773202776804,"endTime":1773202776804.5261,"status":"passed","message":"","name":"/Users/Omarjan/Projects/kitabim-ai/apps/frontend/src/tests/hooks/usePendingCorrections.test.ts"},{"assertionResults":[{"ancestorTitles":["Basic test for useSpellCheck"],"fullName":"Basic test for useSpellCheck should pass basic sanity check","status":"passed","title":"should pass basic sanity check","duration":0.614582999999925,"failureMessages":[],"meta":{}}],"startTime":1773202775814,"endTime":1773202775814.6145,"status":"passed","message":"","name":"/Users/Omarjan/Projects/kitabim-ai/apps/frontend/src/tests/hooks/useSpellCheck.test.ts"},{"assertionResults":[{"ancestorTitles":[],"fullName":"useSpellCheck loadIssues fetches and stores open issues","status":"passed","title":"useSpellCheck loadIssues fetches and stores open issues","duration":9.014291999999955,"failureMessages":[],"meta":{}},{"ancestorTitles":[],"fullName":"useSpellCheck loadIssues filters out non-open issues","status":"passed","title":"useSpellCheck loadIssues filters out non-open issues","duration":1.5914999999999964,"failureMessages":[],"meta":{}},{"ancestorTitles":[],"fullName":"useSpellCheck loadIssues handles fetch failure gracefully","status":"passed","title":"useSpellCheck loadIssues handles fetch failure gracefully","duration":5.714832999999999,"failureMessages":[],"meta":{}},{"ancestorTitles":[],"fullName":"useSpellCheck applyCorrection removes issue on success","status":"passed","title":"useSpellCheck applyCorrection removes issue on success","duration":2.3483750000000327,"failureMessages":[],"meta":{}},{"ancestorTitles":[],"fullName":"useSpellCheck applyCorrection returns false on failure","status":"passed","title":"useSpellCheck applyCorrection returns false on failure","duration":3.3735000000000355,"failureMessages":[],"meta":{}},{"ancestorTitles":[],"fullName":"useSpellCheck ignoreIssue removes issue on success","status":"passed","title":"useSpellCheck ignoreIssue removes issue on success","duration":2.431082999999944,"failureMessages":[],"meta":{}},{"ancestorTitles":[],"fullName":"useSpellCheck reset clears all state","status":"passed","title":"useSpellCheck reset clears all state","duration":2.270750000000021,"failureMessages":[],"meta":{}}],"startTime":1773202774288,"endTime":1773202774315.2708,"status":"passed","message":"","name":"/Users/Omarjan/Projects/kitabim-ai/apps/frontend/src/tests/hooks/useSpellCheck.test.tsx"},{"assertionResults":[{"ancestorTitles":["Basic test for I18nContext"],"fullName":"Basic test for I18nContext should pass basic sanity check","status":"passed","title":"should pass basic sanity check","duration":0.5670830000000251,"failureMessages":[],"meta":{}}],"startTime":1773202774285,"endTime":1773202774285.5671,"status":"passed","message":"","name":"/Users/Omarjan/Projects/kitabim-ai/apps/frontend/src/tests/i18n/I18nContext.test.tsx"},{"assertionResults":[{"ancestorTitles":["Basic test for i18n"],"fullName":"Basic test for i18n should pass basic sanity check","status":"passed","title":"should pass basic sanity check","duration":1.5916250000000218,"failureMessages":[],"meta":{}}],"startTime":1773202774270,"endTime":1773202774271.5916,"status":"passed","message":"","name":"/Users/Omarjan/Projects/kitabim-ai/apps/frontend/src/tests/i18n/i18n.test.ts"},{"assertionResults":[{"ancestorTitles":["Basic test for AppContext"],"fullName":"Basic test for AppContext should pass basic sanity check","status":"passed","title":"should pass basic sanity check","duration":0.5157500000000255,"failureMessages":[],"meta":{}}],"startTime":1773202776441,"endTime":1773202776441.5159,"status":"passed","message":"","name":"/Users/Omarjan/Projects/kitabim-ai/apps/frontend/src/tests/context/AppContext.test.tsx"},{"assertionResults":[{"ancestorTitles":["Basic test for NotificationContext"],"fullName":"Basic test for NotificationContext should pass basic sanity check","status":"passed","title":"should pass basic sanity check","duration":0.6468750000000227,"failureMessages":[],"meta":{}}],"startTime":1773202776367,"endTime":1773202776367.647,"status":"passed","message":"","name":"/Users/Omarjan/Projects/kitabim-ai/apps/frontend/src/tests/context/NotificationContext.test.tsx"},{"assertionResults":[{"ancestorTitles":["Basic test for authService"],"fullName":"Basic test for authService should pass basic sanity check","status":"passed","title":"should pass basic sanity check","duration":0.5177079999999705,"failureMessages":[],"meta":{}}],"startTime":1773202775419,"endTime":1773202775419.5178,"status":"passed","message":"","name":"/Users/Omarjan/Projects/kitabim-ai/apps/frontend/src/tests/services/authService.test.ts"},{"assertionResults":[{"ancestorTitles":["Basic test for contactService"],"fullName":"Basic test for contactService should pass basic sanity check","status":"passed","title":"should pass basic sanity check","duration":0.5601249999999709,"failureMessages":[],"meta":{}}],"startTime":1773202775037,"endTime":1773202775037.56,"status":"passed","message":"","name":"/Users/Omarjan/Projects/kitabim-ai/apps/frontend/src/tests/services/contactService.test.ts"},{"assertionResults":[{"ancestorTitles":["Basic test for geminiService"],"fullName":"Basic test for geminiService should pass basic sanity check","status":"passed","title":"should pass basic sanity check","duration":1.619083000000046,"failureMessages":[],"meta":{}}],"startTime":1773202775062,"endTime":1773202775063.6191,"status":"passed","message":"","name":"/Users/Omarjan/Projects/kitabim-ai/apps/frontend/src/tests/services/geminiService.test.ts"},{"assertionResults":[{"ancestorTitles":["Basic test for pdfService"],"fullName":"Basic test for pdfService should pass basic sanity check","status":"passed","title":"should pass basic sanity check","duration":0.5667499999999563,"failureMessages":[],"meta":{}}],"startTime":1773202776394,"endTime":1773202776394.5667,"status":"passed","message":"","name":"/Users/Omarjan/Projects/kitabim-ai/apps/frontend/src/tests/services/pdfService.test.ts"},{"assertionResults":[{"ancestorTitles":["Basic test for persistenceService"],"fullName":"Basic test for persistenceService should pass basic sanity check","status":"passed","title":"should pass basic sanity check","duration":0.555084000000079,"failureMessages":[],"meta":{}}],"startTime":1773202775713,"endTime":1773202775713.5552,"status":"passed","message":"","name":"/Users/Omarjan/Projects/kitabim-ai/apps/frontend/src/tests/services/persistenceService.test.ts"},{"assertionResults":[{"ancestorTitles":["Basic test for userService"],"fullName":"Basic test for userService should pass basic sanity check","status":"passed","title":"should pass basic sanity check","duration":0.6147920000000227,"failureMessages":[],"meta":{}}],"startTime":1773202776588,"endTime":1773202776588.6147,"status":"passed","message":"","name":"/Users/Omarjan/Projects/kitabim-ai/apps/frontend/src/tests/services/userService.test.ts"},{"assertionResults":[{"ancestorTitles":["Basic test for ActionMenu"],"fullName":"Basic test for ActionMenu should pass basic sanity check","status":"passed","title":"should pass basic sanity check","duration":0.5606659999999692,"failureMessages":[],"meta":{}}],"startTime":1773202775072,"endTime":1773202775072.5605,"status":"passed","message":"","name":"/Users/Omarjan/Projects/kitabim-ai/apps/frontend/src/tests/components/admin/ActionMenu.test.tsx"},{"assertionResults":[{"ancestorTitles":["Basic test for AdminTabs"],"fullName":"Basic test for AdminTabs should pass basic sanity check","status":"passed","title":"should pass basic sanity check","duration":0.5477499999999509,"failureMessages":[],"meta":{}}],"startTime":1773202774262,"endTime":1773202774262.5479,"status":"passed","message":"","name":"/Users/Omarjan/Projects/kitabim-ai/apps/frontend/src/tests/components/admin/AdminTabs.test.tsx"},{"assertionResults":[{"ancestorTitles":[],"fullName":"AdminView renders table and data","status":"failed","title":"AdminView renders table and data","duration":32.84191699999997,"failureMessages":["TestingLibraryElementError: Unable to find an element with the text: Kitabim Processing Pipeline. This could be because the text is broken up by multiple elements. In this case, you can provide a function for your text matcher to make your matcher more flexible.\n\nIgnored nodes: comments, script, style\n\u001b[36m<body>\u001b[39m\n  \u001b[36m<div>\u001b[39m\n    \u001b[36m<div\u001b[39m\n      \u001b[33mclass\u001b[39m=\u001b[32m\"space-y-8 animate-fade-in\"\u001b[39m\n      \u001b[33mlang\u001b[39m=\u001b[32m\"ug\"\u001b[39m\n    \u001b[36m>\u001b[39m\n      \u001b[36m<div\u001b[39m\n        \u001b[33mclass\u001b[39m=\u001b[32m\"flex flex-col md:flex-row md:items-center justify-between gap-4 pb-6 border-b border-[#75C5F0]/20\"\u001b[39m\n      \u001b[36m>\u001b[39m\n        \u001b[36m<div\u001b[39m\n          \u001b[33mclass\u001b[39m=\u001b[32m\"flex items-center gap-3 md:gap-4 group\"\u001b[39m\n        \u001b[36m>\u001b[39m\n          \u001b[36m<div\u001b[39m\n            \u001b[33mclass\u001b[39m=\u001b[32m\"self-start mt-1 p-2 md:p-3 bg-[#0369a1] text-white rounded-xl shadow-lg shadow-[#0369a1]/20 icon-shake\"\u001b[39m\n          \u001b[36m>\u001b[39m\n            \u001b[36m<svg\u001b[39m\n              \u001b[33maria-hidden\u001b[39m=\u001b[32m\"true\"\u001b[39m\n              \u001b[33mclass\u001b[39m=\u001b[32m\"lucide lucide-book md:w-6 md:h-6\"\u001b[39m\n              \u001b[33mfill\u001b[39m=\u001b[32m\"none\"\u001b[39m\n              \u001b[33mheight\u001b[39m=\u001b[32m\"20\"\u001b[39m\n              \u001b[33mstroke\u001b[39m=\u001b[32m\"currentColor\"\u001b[39m\n              \u001b[33mstroke-linecap\u001b[39m=\u001b[32m\"round\"\u001b[39m\n              \u001b[33mstroke-linejoin\u001b[39m=\u001b[32m\"round\"\u001b[39m\n              \u001b[33mstroke-width\u001b[39m=\u001b[32m\"2\"\u001b[39m\n              \u001b[33mviewBox\u001b[39m=\u001b[32m\"0 0 24 24\"\u001b[39m\n              \u001b[33mwidth\u001b[39m=\u001b[32m\"20\"\u001b[39m\n              \u001b[33mxmlns\u001b[39m=\u001b[32m\"http://www.w3.org/2000/svg\"\u001b[39m\n            \u001b[36m>\u001b[39m\n              \u001b[36m<path\u001b[39m\n                \u001b[33md\u001b[39m=\u001b[32m\"M4 19.5v-15A2.5 2.5 0 0 1 6.5 2H19a1 1 0 0 1 1 1v18a1 1 0 0 1-1 1H6.5a1 1 0 0 1 0-5H20\"\u001b[39m\n              \u001b[36m/>\u001b[39m\n            \u001b[36m</svg>\u001b[39m\n          \u001b[36m</div>\u001b[39m\n          \u001b[36m<div>\u001b[39m\n            \u001b[36m<h2\u001b[39m\n              \u001b[33mclass\u001b[39m=\u001b[32m\"text-xl md:text-2xl lg:text-3xl font-normal text-[#1a1a1a]\"\u001b[39m\n            \u001b[36m>\u001b[39m\n              \u001b[0madmin.table.managementSystem\u001b[0m\n            \u001b[36m</h2>\u001b[39m\n            \u001b[36m<div\u001b[39m\n              \u001b[33mclass\u001b[39m=\u001b[32m\"flex items-center gap-2 mt-1\"\u001b[39m\n            \u001b[36m>\u001b[39m\n              \u001b[36m<span\u001b[39m\n                \u001b[33mclass\u001b[39m=\u001b[32m\"w-6 md:w-8 h-[2px] bg-[#0369a1] rounded-full\"\u001b[39m\n              \u001b[36m/>\u001b[39m\n              \u001b[36m<div\u001b[39m\n                \u001b[33mclass\u001b[39m=\u001b[32m\"flex flex-col gap-1 opacity-70 mt-[-2px]\"\u001b[39m\n              \u001b[36m>\u001b[39m\n                \u001b[36m<p\u001b[39m\n                  \u001b[33mclass\u001b[39m=\u001b[32m\"uyghur-text font-normal text-[#1a1a1a] leading-relaxed italic transition-all duration-700\n          text-sm sm:text-base md:text-lg\n        \"\u001b[39m\n                \u001b[36m>\u001b[39m\n                  \u001b[0madmin.table.manageBooks\u001b[0m\n                \u001b[36m</p>\u001b[39m\n              \u001b[36m</div>\u001b[39m\n            \u001b[36m</div>\u001b[39m\n          \u001b[36m</div>\u001b[39m\n        \u001b[36m</div>\u001b[39m\n        \u001b[36m<div\u001b[39m\n          \u001b[33mclass\u001b[39m=\u001b[32m\"flex items-center gap-2 md:gap-3 px-4 md:px-6 py-2 md:py-2.5 bg-[#0369a1]/10 text-[#0369a1] rounded-2xl border border-[#0369a1]/10 shadow-inner w-fit\"\u001b[39m\n        \u001b[36m>\u001b[39m\n          \u001b[36m<svg\u001b[39m\n            \u001b[33maria-hidden\u001b[39m=\u001b[32m\"true\"\u001b[39m\n            \u001b[33mclass\u001b[39m=\u001b[32m\"lucide lucide-book-open md:w-[18px] md:h-[18px]\"\u001b[39m\n            \u001b[33mfill\u001b[39m=\u001b[32m\"none\"\u001b[39m\n            \u001b[33mheight\u001b[39m=\u001b[32m\"16\"\u001b[39m\n            \u001b[33mstroke\u001b[39m=\u001b[32m\"currentColor\"\u001b[39m\n            \u001b[33mstroke-linecap\u001b[39m=\u001b[32m\"round\"\u001b[39m\n            \u001b[33mstroke-linejoin\u001b[39m=\u001b[32m\"round\"\u001b[39m\n            \u001b[33mstroke-width\u001b[39m=\u001b[32m\"2.5\"\u001b[39m\n            \u001b[33mviewBox\u001b[39m=\u001b[32m\"0 0 24 24\"\u001b[39m\n            \u001b[33mwidth\u001b[39m=\u001b[32m\"16\"\u001b[39m\n            \u001b[33mxmlns\u001b[39m=\u001b[32m\"http://www.w3.org/2000/svg\"\u001b[39m\n          \u001b[36m>\u001b[39m\n            \u001b[36m<path\u001b[39m\n              \u001b[33md\u001b[39m=\u001b[32m\"M12 7v14\"\u001b[39m\n            \u001b[36m/>\u001b[39m\n            \u001b[36m<path\u001b[39m\n              \u001b[33md\u001b[39m=\u001b[32m\"M3 18a1 1 0 0 1-1-1V4a1 1 0 0 1 1-1h5a4 4 0 0 1 4 4 4 4 0 0 1 4-4h5a1 1 0 0 1 1 1v13a1 1 0 0 1-1 1h-6a3 3 0 0 0-3 3 3 3 0 0 0-3-3z\"\u001b[39m\n            \u001b[36m/>\u001b[39m\n          \u001b[36m</svg>\u001b[39m\n          \u001b[36m<span\u001b[39m\n            \u001b[33mclass\u001b[39m=\u001b[32m\"text-xs md:text-sm font-normal uppercase\"\u001b[39m\n          \u001b[36m>\u001b[39m\n            \u001b[0mchat.libraryBookCount\u001b[0m\n          \u001b[36m</span>\u001b[39m\n        \u001b[36m</div>\u001b[39m\n      \u001b[36m</div>\u001b[39m\n      \u001b[36m<div\u001b[39m\n        \u001b[33mclass\u001b[39m=\u001b[32m\"glass-panel p-20 flex flex-col items-center justify-center text-center animate-pulse z-50\"\u001b[39m\n      \u001b[36m>\u001b[39m\n        \u001b[36m<svg\u001b[39m\n          \u001b[33maria-hidden\u001b[39m=\u001b[32m\"true\"\u001b[39m\n          \u001b[33mclass\u001b[39m=\u001b[32m\"lucide lucide-database w-16 h-16 text-[#0369a1] mb-6 animate-bounce\"\u001b[39m\n          \u001b[33mfill\u001b[39m=\u001b[32m\"none\"\u001b[39m\n          \u001b[33mheight\u001b[39m=\u001b[32m\"24\"\u001b[39m\n          \u001b[33mstroke\u001b[39m=\u001b[32m\"currentColor\"\u001b[39m\n          \u001b[33mstroke-linecap\u001b[39m=\u001b[32m\"round\"\u001b[39m\n          \u001b[33mstroke-linejoin\u001b[39m=\u001b[32m\"round\"\u001b[39m\n          \u001b[33mstroke-width\u001b[39m=\u001b[32m\"2\"\u001b[39m\n          \u001b[33mviewBox\u001b[39m=\u001b[32m\"0 0 24 24\"\u001b[39m\n          \u001b[33mwidth\u001b[39m=\u001b[32m\"24\"\u001b[39m\n          \u001b[33mxmlns\u001b[39m=\u001b[32m\"http://www.w3.org/2000/svg\"\u001b[39m\n        \u001b[36m>\u001b[39m\n          \u001b[36m<ellipse\u001b[39m\n            \u001b[33mcx\u001b[39m=\u001b[32m\"12\"\u001b[39m\n            \u001b[33mcy\u001b[39m=\u001b[32m\"5\"\u001b[39m\n            \u001b[33mrx\u001b[39m=\u001b[32m\"9\"\u001b[39m\n            \u001b[33mry\u001b[39m=\u001b[32m\"3\"\u001b[39m\n          \u001b[36m/>\u001b[39m\n          \u001b[36m<path\u001b[39m\n            \u001b[33md\u001b[39m=\u001b[32m\"M3 5V19A9 3 0 0 0 21 19V5\"\u001b[39m\n          \u001b[36m/>\u001b[39m\n          \u001b[36m<path\u001b[39m\n            \u001b[33md\u001b[39m=\u001b[32m\"M3 12A9 3 0 0 0 21 12\"\u001b[39m\n          \u001b[36m/>\u001b[39m\n        \u001b[36m</svg>\u001b[39m\n        \u001b[36m<h3\u001b[39m\n          \u001b[33mclass\u001b[39m=\u001b[32m\"text-xl font-normal text-[#1a1a1a]\"\u001b[39m\n        \u001b[36m>\u001b[39m\n          \u001b[0mcommon.loading\u001b[0m\n        \u001b[36m</h3>\u001b[39m\n        \u001b[36m<p\u001b[39m\n          \u001b[33mclass\u001b[39m=\u001b[32m\"text-slate-500 font-normal\"\u001b[39m\n        \u001b[36m>\u001b[39m\n          \u001b[0mcommon.fetchingData\u001b[0m\n        \u001b[36m</p>\u001b[39m\n      \u001b[36m</div>\u001b[39m\n    \u001b[36m</div>\u001b[39m\n  \u001b[36m</div>\u001b[39m\n\u001b[36m</body>\u001b[39m\n    at Object.getElementError (/Users/Omarjan/Projects/kitabim-ai/node_modules/@testing-library/dom/dist/config.js:37:19)\n    at /Users/Omarjan/Projects/kitabim-ai/node_modules/@testing-library/dom/dist/query-helpers.js:76:38\n    at /Users/Omarjan/Projects/kitabim-ai/node_modules/@testing-library/dom/dist/query-helpers.js:52:17\n    at /Users/Omarjan/Projects/kitabim-ai/node_modules/@testing-library/dom/dist/query-helpers.js:95:19\n    at /Users/Omarjan/Projects/kitabim-ai/apps/frontend/src/tests/components/admin/AdminView.test.tsx:75:17\n    at file:///Users/Omarjan/Projects/kitabim-ai/node_modules/@vitest/runner/dist/index.js:145:11\n    at file:///Users/Omarjan/Projects/kitabim-ai/node_modules/@vitest/runner/dist/index.js:915:26\n    at file:///Users/Omarjan/Projects/kitabim-ai/node_modules/@vitest/runner/dist/index.js:1243:20\n    at new Promise (<anonymous>)\n    at runWithTimeout (file:///Users/Omarjan/Projects/kitabim-ai/node_modules/@vitest/runner/dist/index.js:1209:10)"],"meta":{}},{"ancestorTitles":[],"fullName":"AdminView shows upload state","status":"failed","title":"AdminView shows upload state","duration":8.465541999999914,"failureMessages":["TestingLibraryElementError: Unable to find an element with the text: /Uploading to Server/i. This could be because the text is broken up by multiple elements. In this case, you can provide a function for your text matcher to make your matcher more flexible.\n\nIgnored nodes: comments, script, style\n\u001b[36m<body>\u001b[39m\n  \u001b[36m<div>\u001b[39m\n    \u001b[36m<div\u001b[39m\n      \u001b[33mclass\u001b[39m=\u001b[32m\"space-y-8 animate-fade-in\"\u001b[39m\n      \u001b[33mlang\u001b[39m=\u001b[32m\"ug\"\u001b[39m\n    \u001b[36m>\u001b[39m\n      \u001b[36m<div\u001b[39m\n        \u001b[33mclass\u001b[39m=\u001b[32m\"flex flex-col md:flex-row md:items-center justify-between gap-4 pb-6 border-b border-[#75C5F0]/20\"\u001b[39m\n      \u001b[36m>\u001b[39m\n        \u001b[36m<div\u001b[39m\n          \u001b[33mclass\u001b[39m=\u001b[32m\"flex items-center gap-3 md:gap-4 group\"\u001b[39m\n        \u001b[36m>\u001b[39m\n          \u001b[36m<div\u001b[39m\n            \u001b[33mclass\u001b[39m=\u001b[32m\"self-start mt-1 p-2 md:p-3 bg-[#0369a1] text-white rounded-xl shadow-lg shadow-[#0369a1]/20 icon-shake\"\u001b[39m\n          \u001b[36m>\u001b[39m\n            \u001b[36m<svg\u001b[39m\n              \u001b[33maria-hidden\u001b[39m=\u001b[32m\"true\"\u001b[39m\n              \u001b[33mclass\u001b[39m=\u001b[32m\"lucide lucide-book md:w-6 md:h-6\"\u001b[39m\n              \u001b[33mfill\u001b[39m=\u001b[32m\"none\"\u001b[39m\n              \u001b[33mheight\u001b[39m=\u001b[32m\"20\"\u001b[39m\n              \u001b[33mstroke\u001b[39m=\u001b[32m\"currentColor\"\u001b[39m\n              \u001b[33mstroke-linecap\u001b[39m=\u001b[32m\"round\"\u001b[39m\n              \u001b[33mstroke-linejoin\u001b[39m=\u001b[32m\"round\"\u001b[39m\n              \u001b[33mstroke-width\u001b[39m=\u001b[32m\"2\"\u001b[39m\n              \u001b[33mviewBox\u001b[39m=\u001b[32m\"0 0 24 24\"\u001b[39m\n              \u001b[33mwidth\u001b[39m=\u001b[32m\"20\"\u001b[39m\n              \u001b[33mxmlns\u001b[39m=\u001b[32m\"http://www.w3.org/2000/svg\"\u001b[39m\n            \u001b[36m>\u001b[39m\n              \u001b[36m<path\u001b[39m\n                \u001b[33md\u001b[39m=\u001b[32m\"M4 19.5v-15A2.5 2.5 0 0 1 6.5 2H19a1 1 0 0 1 1 1v18a1 1 0 0 1-1 1H6.5a1 1 0 0 1 0-5H20\"\u001b[39m\n              \u001b[36m/>\u001b[39m\n            \u001b[36m</svg>\u001b[39m\n          \u001b[36m</div>\u001b[39m\n          \u001b[36m<div>\u001b[39m\n            \u001b[36m<h2\u001b[39m\n              \u001b[33mclass\u001b[39m=\u001b[32m\"text-xl md:text-2xl lg:text-3xl font-normal text-[#1a1a1a]\"\u001b[39m\n            \u001b[36m>\u001b[39m\n              \u001b[0madmin.table.managementSystem\u001b[0m\n            \u001b[36m</h2>\u001b[39m\n            \u001b[36m<div\u001b[39m\n              \u001b[33mclass\u001b[39m=\u001b[32m\"flex items-center gap-2 mt-1\"\u001b[39m\n            \u001b[36m>\u001b[39m\n              \u001b[36m<span\u001b[39m\n                \u001b[33mclass\u001b[39m=\u001b[32m\"w-6 md:w-8 h-[2px] bg-[#0369a1] rounded-full\"\u001b[39m\n              \u001b[36m/>\u001b[39m\n              \u001b[36m<div\u001b[39m\n                \u001b[33mclass\u001b[39m=\u001b[32m\"flex flex-col gap-1 opacity-70 mt-[-2px]\"\u001b[39m\n              \u001b[36m>\u001b[39m\n                \u001b[36m<p\u001b[39m\n                  \u001b[33mclass\u001b[39m=\u001b[32m\"uyghur-text font-normal text-[#1a1a1a] leading-relaxed italic transition-all duration-700\n          text-sm sm:text-base md:text-lg\n        \"\u001b[39m\n                \u001b[36m>\u001b[39m\n                  \u001b[0madmin.table.manageBooks\u001b[0m\n                \u001b[36m</p>\u001b[39m\n              \u001b[36m</div>\u001b[39m\n            \u001b[36m</div>\u001b[39m\n          \u001b[36m</div>\u001b[39m\n        \u001b[36m</div>\u001b[39m\n        \u001b[36m<div\u001b[39m\n          \u001b[33mclass\u001b[39m=\u001b[32m\"flex items-center gap-2 md:gap-3 px-4 md:px-6 py-2 md:py-2.5 bg-[#0369a1]/10 text-[#0369a1] rounded-2xl border border-[#0369a1]/10 shadow-inner w-fit\"\u001b[39m\n        \u001b[36m>\u001b[39m\n          \u001b[36m<svg\u001b[39m\n            \u001b[33maria-hidden\u001b[39m=\u001b[32m\"true\"\u001b[39m\n            \u001b[33mclass\u001b[39m=\u001b[32m\"lucide lucide-book-open md:w-[18px] md:h-[18px]\"\u001b[39m\n            \u001b[33mfill\u001b[39m=\u001b[32m\"none\"\u001b[39m\n            \u001b[33mheight\u001b[39m=\u001b[32m\"16\"\u001b[39m\n            \u001b[33mstroke\u001b[39m=\u001b[32m\"currentColor\"\u001b[39m\n            \u001b[33mstroke-linecap\u001b[39m=\u001b[32m\"round\"\u001b[39m\n            \u001b[33mstroke-linejoin\u001b[39m=\u001b[32m\"round\"\u001b[39m\n            \u001b[33mstroke-width\u001b[39m=\u001b[32m\"2.5\"\u001b[39m\n            \u001b[33mviewBox\u001b[39m=\u001b[32m\"0 0 24 24\"\u001b[39m\n            \u001b[33mwidth\u001b[39m=\u001b[32m\"16\"\u001b[39m\n            \u001b[33mxmlns\u001b[39m=\u001b[32m\"http://www.w3.org/2000/svg\"\u001b[39m\n          \u001b[36m>\u001b[39m\n            \u001b[36m<path\u001b[39m\n              \u001b[33md\u001b[39m=\u001b[32m\"M12 7v14\"\u001b[39m\n            \u001b[36m/>\u001b[39m\n            \u001b[36m<path\u001b[39m\n              \u001b[33md\u001b[39m=\u001b[32m\"M3 18a1 1 0 0 1-1-1V4a1 1 0 0 1 1-1h5a4 4 0 0 1 4 4 4 4 0 0 1 4-4h5a1 1 0 0 1 1 1v13a1 1 0 0 1-1 1h-6a3 3 0 0 0-3 3 3 3 0 0 0-3-3z\"\u001b[39m\n            \u001b[36m/>\u001b[39m\n          \u001b[36m</svg>\u001b[39m\n          \u001b[36m<span\u001b[39m\n            \u001b[33mclass\u001b[39m=\u001b[32m\"text-xs md:text-sm font-normal uppercase\"\u001b[39m\n          \u001b[36m>\u001b[39m\n            \u001b[0mchat.libraryBookCount\u001b[0m\n          \u001b[36m</span>\u001b[39m\n        \u001b[36m</div>\u001b[39m\n      \u001b[36m</div>\u001b[39m\n      \u001b[36m<div\u001b[39m\n        \u001b[33mclass\u001b[39m=\u001b[32m\"glass-panel p-20 flex flex-col items-center justify-center text-center animate-pulse z-50\"\u001b[39m\n      \u001b[36m>\u001b[39m\n        \u001b[36m<svg\u001b[39m\n          \u001b[33maria-hidden\u001b[39m=\u001b[32m\"true\"\u001b[39m\n          \u001b[33mclass\u001b[39m=\u001b[32m\"lucide lucide-database w-16 h-16 text-[#0369a1] mb-6 animate-bounce\"\u001b[39m\n          \u001b[33mfill\u001b[39m=\u001b[32m\"none\"\u001b[39m\n          \u001b[33mheight\u001b[39m=\u001b[32m\"24\"\u001b[39m\n          \u001b[33mstroke\u001b[39m=\u001b[32m\"currentColor\"\u001b[39m\n          \u001b[33mstroke-linecap\u001b[39m=\u001b[32m\"round\"\u001b[39m\n          \u001b[33mstroke-linejoin\u001b[39m=\u001b[32m\"round\"\u001b[39m\n          \u001b[33mstroke-width\u001b[39m=\u001b[32m\"2\"\u001b[39m\n          \u001b[33mviewBox\u001b[39m=\u001b[32m\"0 0 24 24\"\u001b[39m\n          \u001b[33mwidth\u001b[39m=\u001b[32m\"24\"\u001b[39m\n          \u001b[33mxmlns\u001b[39m=\u001b[32m\"http://www.w3.org/2000/svg\"\u001b[39m\n        \u001b[36m>\u001b[39m\n          \u001b[36m<ellipse\u001b[39m\n            \u001b[33mcx\u001b[39m=\u001b[32m\"12\"\u001b[39m\n            \u001b[33mcy\u001b[39m=\u001b[32m\"5\"\u001b[39m\n            \u001b[33mrx\u001b[39m=\u001b[32m\"9\"\u001b[39m\n            \u001b[33mry\u001b[39m=\u001b[32m\"3\"\u001b[39m\n          \u001b[36m/>\u001b[39m\n          \u001b[36m<path\u001b[39m\n            \u001b[33md\u001b[39m=\u001b[32m\"M3 5V19A9 3 0 0 0 21 19V5\"\u001b[39m\n          \u001b[36m/>\u001b[39m\n          \u001b[36m<path\u001b[39m\n            \u001b[33md\u001b[39m=\u001b[32m\"M3 12A9 3 0 0 0 21 12\"\u001b[39m\n          \u001b[36m/>\u001b[39m\n        \u001b[36m</svg>\u001b[39m\n        \u001b[36m<h3\u001b[39m\n          \u001b[33mclass\u001b[39m=\u001b[32m\"text-xl font-normal text-[#1a1a1a]\"\u001b[39m\n        \u001b[36m>\u001b[39m\n          \u001b[0mcommon.loading\u001b[0m\n        \u001b[36m</h3>\u001b[39m\n        \u001b[36m<p\u001b[39m\n          \u001b[33mclass\u001b[39m=\u001b[32m\"text-slate-500 font-normal\"\u001b[39m\n        \u001b[36m>\u001b[39m\n          \u001b[0mcommon.fetchingData\u001b[0m\n        \u001b[36m</p>\u001b[39m\n      \u001b[36m</div>\u001b[39m\n    \u001b[36m</div>\u001b[39m\n  \u001b[36m</div>\u001b[39m\n\u001b[36m</body>\u001b[39m\n    at Object.getElementError (/Users/Omarjan/Projects/kitabim-ai/node_modules/@testing-library/dom/dist/config.js:37:19)\n    at /Users/Omarjan/Projects/kitabim-ai/node_modules/@testing-library/dom/dist/query-helpers.js:76:38\n    at /Users/Omarjan/Projects/kitabim-ai/node_modules/@testing-library/dom/dist/query-helpers.js:52:17\n    at /Users/Omarjan/Projects/kitabim-ai/node_modules/@testing-library/dom/dist/query-helpers.js:95:19\n    at /Users/Omarjan/Projects/kitabim-ai/apps/frontend/src/tests/components/admin/AdminView.test.tsx:114:17\n    at file:///Users/Omarjan/Projects/kitabim-ai/node_modules/@vitest/runner/dist/index.js:145:11\n    at file:///Users/Omarjan/Projects/kitabim-ai/node_modules/@vitest/runner/dist/index.js:915:26\n    at file:///Users/Omarjan/Projects/kitabim-ai/node_modules/@vitest/runner/dist/index.js:1243:20\n    at new Promise (<anonymous>)\n    at runWithTimeout (file:///Users/Omarjan/Projects/kitabim-ai/node_modules/@vitest/runner/dist/index.js:1209:10)"],"meta":{}},{"ancestorTitles":[],"fullName":"AdminView edits title and author","status":"failed","title":"AdminView edits title and author","duration":5.080500000000029,"failureMessages":["TestingLibraryElementError: Unable to find an element with the title: Save.\n\nIgnored nodes: comments, script, style\n\u001b[36m<body>\u001b[39m\n  \u001b[36m<div>\u001b[39m\n    \u001b[36m<div\u001b[39m\n      \u001b[33mclass\u001b[39m=\u001b[32m\"space-y-8 animate-fade-in\"\u001b[39m\n      \u001b[33mlang\u001b[39m=\u001b[32m\"ug\"\u001b[39m\n    \u001b[36m>\u001b[39m\n      \u001b[36m<div\u001b[39m\n        \u001b[33mclass\u001b[39m=\u001b[32m\"flex flex-col md:flex-row md:items-center justify-between gap-4 pb-6 border-b border-[#75C5F0]/20\"\u001b[39m\n      \u001b[36m>\u001b[39m\n        \u001b[36m<div\u001b[39m\n          \u001b[33mclass\u001b[39m=\u001b[32m\"flex items-center gap-3 md:gap-4 group\"\u001b[39m\n        \u001b[36m>\u001b[39m\n          \u001b[36m<div\u001b[39m\n            \u001b[33mclass\u001b[39m=\u001b[32m\"self-start mt-1 p-2 md:p-3 bg-[#0369a1] text-white rounded-xl shadow-lg shadow-[#0369a1]/20 icon-shake\"\u001b[39m\n          \u001b[36m>\u001b[39m\n            \u001b[36m<svg\u001b[39m\n              \u001b[33maria-hidden\u001b[39m=\u001b[32m\"true\"\u001b[39m\n              \u001b[33mclass\u001b[39m=\u001b[32m\"lucide lucide-book md:w-6 md:h-6\"\u001b[39m\n              \u001b[33mfill\u001b[39m=\u001b[32m\"none\"\u001b[39m\n              \u001b[33mheight\u001b[39m=\u001b[32m\"20\"\u001b[39m\n              \u001b[33mstroke\u001b[39m=\u001b[32m\"currentColor\"\u001b[39m\n              \u001b[33mstroke-linecap\u001b[39m=\u001b[32m\"round\"\u001b[39m\n              \u001b[33mstroke-linejoin\u001b[39m=\u001b[32m\"round\"\u001b[39m\n              \u001b[33mstroke-width\u001b[39m=\u001b[32m\"2\"\u001b[39m\n              \u001b[33mviewBox\u001b[39m=\u001b[32m\"0 0 24 24\"\u001b[39m\n              \u001b[33mwidth\u001b[39m=\u001b[32m\"20\"\u001b[39m\n              \u001b[33mxmlns\u001b[39m=\u001b[32m\"http://www.w3.org/2000/svg\"\u001b[39m\n            \u001b[36m>\u001b[39m\n              \u001b[36m<path\u001b[39m\n                \u001b[33md\u001b[39m=\u001b[32m\"M4 19.5v-15A2.5 2.5 0 0 1 6.5 2H19a1 1 0 0 1 1 1v18a1 1 0 0 1-1 1H6.5a1 1 0 0 1 0-5H20\"\u001b[39m\n              \u001b[36m/>\u001b[39m\n            \u001b[36m</svg>\u001b[39m\n          \u001b[36m</div>\u001b[39m\n          \u001b[36m<div>\u001b[39m\n            \u001b[36m<h2\u001b[39m\n              \u001b[33mclass\u001b[39m=\u001b[32m\"text-xl md:text-2xl lg:text-3xl font-normal text-[#1a1a1a]\"\u001b[39m\n            \u001b[36m>\u001b[39m\n              \u001b[0madmin.table.managementSystem\u001b[0m\n            \u001b[36m</h2>\u001b[39m\n            \u001b[36m<div\u001b[39m\n              \u001b[33mclass\u001b[39m=\u001b[32m\"flex items-center gap-2 mt-1\"\u001b[39m\n            \u001b[36m>\u001b[39m\n              \u001b[36m<span\u001b[39m\n                \u001b[33mclass\u001b[39m=\u001b[32m\"w-6 md:w-8 h-[2px] bg-[#0369a1] rounded-full\"\u001b[39m\n              \u001b[36m/>\u001b[39m\n              \u001b[36m<div\u001b[39m\n                \u001b[33mclass\u001b[39m=\u001b[32m\"flex flex-col gap-1 opacity-70 mt-[-2px]\"\u001b[39m\n              \u001b[36m>\u001b[39m\n                \u001b[36m<p\u001b[39m\n                  \u001b[33mclass\u001b[39m=\u001b[32m\"uyghur-text font-normal text-[#1a1a1a] leading-relaxed italic transition-all duration-700\n          text-sm sm:text-base md:text-lg\n        \"\u001b[39m\n                \u001b[36m>\u001b[39m\n                  \u001b[0madmin.table.manageBooks\u001b[0m\n                \u001b[36m</p>\u001b[39m\n              \u001b[36m</div>\u001b[39m\n            \u001b[36m</div>\u001b[39m\n          \u001b[36m</div>\u001b[39m\n        \u001b[36m</div>\u001b[39m\n        \u001b[36m<div\u001b[39m\n          \u001b[33mclass\u001b[39m=\u001b[32m\"flex items-center gap-2 md:gap-3 px-4 md:px-6 py-2 md:py-2.5 bg-[#0369a1]/10 text-[#0369a1] rounded-2xl border border-[#0369a1]/10 shadow-inner w-fit\"\u001b[39m\n        \u001b[36m>\u001b[39m\n          \u001b[36m<svg\u001b[39m\n            \u001b[33maria-hidden\u001b[39m=\u001b[32m\"true\"\u001b[39m\n            \u001b[33mclass\u001b[39m=\u001b[32m\"lucide lucide-book-open md:w-[18px] md:h-[18px]\"\u001b[39m\n            \u001b[33mfill\u001b[39m=\u001b[32m\"none\"\u001b[39m\n            \u001b[33mheight\u001b[39m=\u001b[32m\"16\"\u001b[39m\n            \u001b[33mstroke\u001b[39m=\u001b[32m\"currentColor\"\u001b[39m\n            \u001b[33mstroke-linecap\u001b[39m=\u001b[32m\"round\"\u001b[39m\n            \u001b[33mstroke-linejoin\u001b[39m=\u001b[32m\"round\"\u001b[39m\n            \u001b[33mstroke-width\u001b[39m=\u001b[32m\"2.5\"\u001b[39m\n            \u001b[33mviewBox\u001b[39m=\u001b[32m\"0 0 24 24\"\u001b[39m\n            \u001b[33mwidth\u001b[39m=\u001b[32m\"16\"\u001b[39m\n            \u001b[33mxmlns\u001b[39m=\u001b[32m\"http://www.w3.org/2000/svg\"\u001b[39m\n          \u001b[36m>\u001b[39m\n            \u001b[36m<path\u001b[39m\n              \u001b[33md\u001b[39m=\u001b[32m\"M12 7v14\"\u001b[39m\n            \u001b[36m/>\u001b[39m\n            \u001b[36m<path\u001b[39m\n              \u001b[33md\u001b[39m=\u001b[32m\"M3 18a1 1 0 0 1-1-1V4a1 1 0 0 1 1-1h5a4 4 0 0 1 4 4 4 4 0 0 1 4-4h5a1 1 0 0 1 1 1v13a1 1 0 0 1-1 1h-6a3 3 0 0 0-3 3 3 3 0 0 0-3-3z\"\u001b[39m\n            \u001b[36m/>\u001b[39m\n          \u001b[36m</svg>\u001b[39m\n          \u001b[36m<span\u001b[39m\n            \u001b[33mclass\u001b[39m=\u001b[32m\"text-xs md:text-sm font-normal uppercase\"\u001b[39m\n          \u001b[36m>\u001b[39m\n            \u001b[0mchat.libraryBookCount\u001b[0m\n          \u001b[36m</span>\u001b[39m\n        \u001b[36m</div>\u001b[39m\n      \u001b[36m</div>\u001b[39m\n      \u001b[36m<div\u001b[39m\n        \u001b[33mclass\u001b[39m=\u001b[32m\"glass-panel p-20 flex flex-col items-center justify-center text-center animate-pulse z-50\"\u001b[39m\n      \u001b[36m>\u001b[39m\n        \u001b[36m<svg\u001b[39m\n          \u001b[33maria-hidden\u001b[39m=\u001b[32m\"true\"\u001b[39m\n          \u001b[33mclass\u001b[39m=\u001b[32m\"lucide lucide-database w-16 h-16 text-[#0369a1] mb-6 animate-bounce\"\u001b[39m\n          \u001b[33mfill\u001b[39m=\u001b[32m\"none\"\u001b[39m\n          \u001b[33mheight\u001b[39m=\u001b[32m\"24\"\u001b[39m\n          \u001b[33mstroke\u001b[39m=\u001b[32m\"currentColor\"\u001b[39m\n          \u001b[33mstroke-linecap\u001b[39m=\u001b[32m\"round\"\u001b[39m\n          \u001b[33mstroke-linejoin\u001b[39m=\u001b[32m\"round\"\u001b[39m\n          \u001b[33mstroke-width\u001b[39m=\u001b[32m\"2\"\u001b[39m\n          \u001b[33mviewBox\u001b[39m=\u001b[32m\"0 0 24 24\"\u001b[39m\n          \u001b[33mwidth\u001b[39m=\u001b[32m\"24\"\u001b[39m\n          \u001b[33mxmlns\u001b[39m=\u001b[32m\"http://www.w3.org/2000/svg\"\u001b[39m\n        \u001b[36m>\u001b[39m\n          \u001b[36m<ellipse\u001b[39m\n            \u001b[33mcx\u001b[39m=\u001b[32m\"12\"\u001b[39m\n            \u001b[33mcy\u001b[39m=\u001b[32m\"5\"\u001b[39m\n            \u001b[33mrx\u001b[39m=\u001b[32m\"9\"\u001b[39m\n            \u001b[33mry\u001b[39m=\u001b[32m\"3\"\u001b[39m\n          \u001b[36m/>\u001b[39m\n          \u001b[36m<path\u001b[39m\n            \u001b[33md\u001b[39m=\u001b[32m\"M3 5V19A9 3 0 0 0 21 19V5\"\u001b[39m\n          \u001b[36m/>\u001b[39m\n          \u001b[36m<path\u001b[39m\n            \u001b[33md\u001b[39m=\u001b[32m\"M3 12A9 3 0 0 0 21 12\"\u001b[39m\n          \u001b[36m/>\u001b[39m\n        \u001b[36m</svg>\u001b[39m\n        \u001b[36m<h3\u001b[39m\n          \u001b[33mclass\u001b[39m=\u001b[32m\"text-xl font-normal text-[#1a1a1a]\"\u001b[39m\n        \u001b[36m>\u001b[39m\n          \u001b[0mcommon.loading\u001b[0m\n        \u001b[36m</h3>\u001b[39m\n        \u001b[36m<p\u001b[39m\n          \u001b[33mclass\u001b[39m=\u001b[32m\"text-slate-500 font-normal\"\u001b[39m\n        \u001b[36m>\u001b[39m\n          \u001b[0mcommon.fetchingData\u001b[0m\n        \u001b[36m</p>\u001b[39m\n      \u001b[36m</div>\u001b[39m\n    \u001b[36m</div>\u001b[39m\n  \u001b[36m</div>\u001b[39m\n\u001b[36m</body>\u001b[39m\n    at Object.getElementError (/Users/Omarjan/Projects/kitabim-ai/node_modules/@testing-library/dom/dist/config.js:37:19)\n    at /Users/Omarjan/Projects/kitabim-ai/node_modules/@testing-library/dom/dist/query-helpers.js:76:38\n    at /Users/Omarjan/Projects/kitabim-ai/node_modules/@testing-library/dom/dist/query-helpers.js:109:15\n    at /Users/Omarjan/Projects/kitabim-ai/apps/frontend/src/tests/components/admin/AdminView.test.tsx:153:30\n    at file:///Users/Omarjan/Projects/kitabim-ai/node_modules/@vitest/runner/dist/index.js:145:11\n    at file:///Users/Omarjan/Projects/kitabim-ai/node_modules/@vitest/runner/dist/index.js:915:26\n    at file:///Users/Omarjan/Projects/kitabim-ai/node_modules/@vitest/runner/dist/index.js:1243:20\n    at new Promise (<anonymous>)\n    at runWithTimeout (file:///Users/Omarjan/Projects/kitabim-ai/node_modules/@vitest/runner/dist/index.js:1209:10)\n    at file:///Users/Omarjan/Projects/kitabim-ai/node_modules/@vitest/runner/dist/index.js:1653:37"],"meta":{}},{"ancestorTitles":[],"fullName":"AdminView disables start OCR when processing","status":"failed","title":"AdminView disables start OCR when processing","duration":14.708042000000205,"failureMessages":["TestingLibraryElementError: Unable to find an element with the title: OCR IN PROGRESS.\n\nIgnored nodes: comments, script, style\n\u001b[36m<body>\u001b[39m\n  \u001b[36m<div>\u001b[39m\n    \u001b[36m<div\u001b[39m\n      \u001b[33mclass\u001b[39m=\u001b[32m\"space-y-8 animate-fade-in\"\u001b[39m\n      \u001b[33mlang\u001b[39m=\u001b[32m\"ug\"\u001b[39m\n    \u001b[36m>\u001b[39m\n      \u001b[36m<div\u001b[39m\n        \u001b[33mclass\u001b[39m=\u001b[32m\"flex flex-col md:flex-row md:items-center justify-between gap-4 pb-6 border-b border-[#75C5F0]/20\"\u001b[39m\n      \u001b[36m>\u001b[39m\n        \u001b[36m<div\u001b[39m\n          \u001b[33mclass\u001b[39m=\u001b[32m\"flex items-center gap-3 md:gap-4 group\"\u001b[39m\n        \u001b[36m>\u001b[39m\n          \u001b[36m<div\u001b[39m\n            \u001b[33mclass\u001b[39m=\u001b[32m\"self-start mt-1 p-2 md:p-3 bg-[#0369a1] text-white rounded-xl shadow-lg shadow-[#0369a1]/20 icon-shake\"\u001b[39m\n          \u001b[36m>\u001b[39m\n            \u001b[36m<svg\u001b[39m\n              \u001b[33maria-hidden\u001b[39m=\u001b[32m\"true\"\u001b[39m\n              \u001b[33mclass\u001b[39m=\u001b[32m\"lucide lucide-book md:w-6 md:h-6\"\u001b[39m\n              \u001b[33mfill\u001b[39m=\u001b[32m\"none\"\u001b[39m\n              \u001b[33mheight\u001b[39m=\u001b[32m\"20\"\u001b[39m\n              \u001b[33mstroke\u001b[39m=\u001b[32m\"currentColor\"\u001b[39m\n              \u001b[33mstroke-linecap\u001b[39m=\u001b[32m\"round\"\u001b[39m\n              \u001b[33mstroke-linejoin\u001b[39m=\u001b[32m\"round\"\u001b[39m\n              \u001b[33mstroke-width\u001b[39m=\u001b[32m\"2\"\u001b[39m\n              \u001b[33mviewBox\u001b[39m=\u001b[32m\"0 0 24 24\"\u001b[39m\n              \u001b[33mwidth\u001b[39m=\u001b[32m\"20\"\u001b[39m\n              \u001b[33mxmlns\u001b[39m=\u001b[32m\"http://www.w3.org/2000/svg\"\u001b[39m\n            \u001b[36m>\u001b[39m\n              \u001b[36m<path\u001b[39m\n                \u001b[33md\u001b[39m=\u001b[32m\"M4 19.5v-15A2.5 2.5 0 0 1 6.5 2H19a1 1 0 0 1 1 1v18a1 1 0 0 1-1 1H6.5a1 1 0 0 1 0-5H20\"\u001b[39m\n              \u001b[36m/>\u001b[39m\n            \u001b[36m</svg>\u001b[39m\n          \u001b[36m</div>\u001b[39m\n          \u001b[36m<div>\u001b[39m\n            \u001b[36m<h2\u001b[39m\n              \u001b[33mclass\u001b[39m=\u001b[32m\"text-xl md:text-2xl lg:text-3xl font-normal text-[#1a1a1a]\"\u001b[39m\n            \u001b[36m>\u001b[39m\n              \u001b[0madmin.table.managementSystem\u001b[0m\n            \u001b[36m</h2>\u001b[39m\n            \u001b[36m<div\u001b[39m\n              \u001b[33mclass\u001b[39m=\u001b[32m\"flex items-center gap-2 mt-1\"\u001b[39m\n            \u001b[36m>\u001b[39m\n              \u001b[36m<span\u001b[39m\n                \u001b[33mclass\u001b[39m=\u001b[32m\"w-6 md:w-8 h-[2px] bg-[#0369a1] rounded-full\"\u001b[39m\n              \u001b[36m/>\u001b[39m\n              \u001b[36m<div\u001b[39m\n                \u001b[33mclass\u001b[39m=\u001b[32m\"flex flex-col gap-1 opacity-70 mt-[-2px]\"\u001b[39m\n              \u001b[36m>\u001b[39m\n                \u001b[36m<p\u001b[39m\n                  \u001b[33mclass\u001b[39m=\u001b[32m\"uyghur-text font-normal text-[#1a1a1a] leading-relaxed italic transition-all duration-700\n          text-sm sm:text-base md:text-lg\n        \"\u001b[39m\n                \u001b[36m>\u001b[39m\n                  \u001b[0madmin.table.manageBooks\u001b[0m\n                \u001b[36m</p>\u001b[39m\n              \u001b[36m</div>\u001b[39m\n            \u001b[36m</div>\u001b[39m\n          \u001b[36m</div>\u001b[39m\n        \u001b[36m</div>\u001b[39m\n        \u001b[36m<div\u001b[39m\n          \u001b[33mclass\u001b[39m=\u001b[32m\"flex items-center gap-2 md:gap-3 px-4 md:px-6 py-2 md:py-2.5 bg-[#0369a1]/10 text-[#0369a1] rounded-2xl border border-[#0369a1]/10 shadow-inner w-fit\"\u001b[39m\n        \u001b[36m>\u001b[39m\n          \u001b[36m<svg\u001b[39m\n            \u001b[33maria-hidden\u001b[39m=\u001b[32m\"true\"\u001b[39m\n            \u001b[33mclass\u001b[39m=\u001b[32m\"lucide lucide-book-open md:w-[18px] md:h-[18px]\"\u001b[39m\n            \u001b[33mfill\u001b[39m=\u001b[32m\"none\"\u001b[39m\n            \u001b[33mheight\u001b[39m=\u001b[32m\"16\"\u001b[39m\n            \u001b[33mstroke\u001b[39m=\u001b[32m\"currentColor\"\u001b[39m\n            \u001b[33mstroke-linecap\u001b[39m=\u001b[32m\"round\"\u001b[39m\n            \u001b[33mstroke-linejoin\u001b[39m=\u001b[32m\"round\"\u001b[39m\n            \u001b[33mstroke-width\u001b[39m=\u001b[32m\"2.5\"\u001b[39m\n            \u001b[33mviewBox\u001b[39m=\u001b[32m\"0 0 24 24\"\u001b[39m\n            \u001b[33mwidth\u001b[39m=\u001b[32m\"16\"\u001b[39m\n            \u001b[33mxmlns\u001b[39m=\u001b[32m\"http://www.w3.org/2000/svg\"\u001b[39m\n          \u001b[36m>\u001b[39m\n            \u001b[36m<path\u001b[39m\n              \u001b[33md\u001b[39m=\u001b[32m\"M12 7v14\"\u001b[39m\n            \u001b[36m/>\u001b[39m\n            \u001b[36m<path\u001b[39m\n              \u001b[33md\u001b[39m=\u001b[32m\"M3 18a1 1 0 0 1-1-1V4a1 1 0 0 1 1-1h5a4 4 0 0 1 4 4 4 4 0 0 1 4-4h5a1 1 0 0 1 1 1v13a1 1 0 0 1-1 1h-6a3 3 0 0 0-3 3 3 3 0 0 0-3-3z\"\u001b[39m\n            \u001b[36m/>\u001b[39m\n          \u001b[36m</svg>\u001b[39m\n          \u001b[36m<span\u001b[39m\n            \u001b[33mclass\u001b[39m=\u001b[32m\"text-xs md:text-sm font-normal uppercase\"\u001b[39m\n          \u001b[36m>\u001b[39m\n            \u001b[0mchat.libraryBookCount\u001b[0m\n          \u001b[36m</span>\u001b[39m\n        \u001b[36m</div>\u001b[39m\n      \u001b[36m</div>\u001b[39m\n      \u001b[36m<div\u001b[39m\n        \u001b[33mclass\u001b[39m=\u001b[32m\"glass-panel p-20 flex flex-col items-center justify-center text-center animate-pulse z-50\"\u001b[39m\n      \u001b[36m>\u001b[39m\n        \u001b[36m<svg\u001b[39m\n          \u001b[33maria-hidden\u001b[39m=\u001b[32m\"true\"\u001b[39m\n          \u001b[33mclass\u001b[39m=\u001b[32m\"lucide lucide-database w-16 h-16 text-[#0369a1] mb-6 animate-bounce\"\u001b[39m\n          \u001b[33mfill\u001b[39m=\u001b[32m\"none\"\u001b[39m\n          \u001b[33mheight\u001b[39m=\u001b[32m\"24\"\u001b[39m\n          \u001b[33mstroke\u001b[39m=\u001b[32m\"currentColor\"\u001b[39m\n          \u001b[33mstroke-linecap\u001b[39m=\u001b[32m\"round\"\u001b[39m\n          \u001b[33mstroke-linejoin\u001b[39m=\u001b[32m\"round\"\u001b[39m\n          \u001b[33mstroke-width\u001b[39m=\u001b[32m\"2\"\u001b[39m\n          \u001b[33mviewBox\u001b[39m=\u001b[32m\"0 0 24 24\"\u001b[39m\n          \u001b[33mwidth\u001b[39m=\u001b[32m\"24\"\u001b[39m\n          \u001b[33mxmlns\u001b[39m=\u001b[32m\"http://www.w3.org/2000/svg\"\u001b[39m\n        \u001b[36m>\u001b[39m\n          \u001b[36m<ellipse\u001b[39m\n            \u001b[33mcx\u001b[39m=\u001b[32m\"12\"\u001b[39m\n            \u001b[33mcy\u001b[39m=\u001b[32m\"5\"\u001b[39m\n            \u001b[33mrx\u001b[39m=\u001b[32m\"9\"\u001b[39m\n            \u001b[33mry\u001b[39m=\u001b[32m\"3\"\u001b[39m\n          \u001b[36m/>\u001b[39m\n          \u001b[36m<path\u001b[39m\n            \u001b[33md\u001b[39m=\u001b[32m\"M3 5V19A9 3 0 0 0 21 19V5\"\u001b[39m\n          \u001b[36m/>\u001b[39m\n          \u001b[36m<path\u001b[39m\n            \u001b[33md\u001b[39m=\u001b[32m\"M3 12A9 3 0 0 0 21 12\"\u001b[39m\n          \u001b[36m/>\u001b[39m\n        \u001b[36m</svg>\u001b[39m\n        \u001b[36m<h3\u001b[39m\n          \u001b[33mclass\u001b[39m=\u001b[32m\"text-xl font-normal text-[#1a1a1a]\"\u001b[39m\n        \u001b[36m>\u001b[39m\n          \u001b[0mcommon.loading\u001b[0m\n        \u001b[36m</h3>\u001b[39m\n        \u001b[36m<p\u001b[39m\n          \u001b[33mclass\u001b[39m=\u001b[32m\"text-slate-500 font-normal\"\u001b[39m\n        \u001b[36m>\u001b[39m\n          \u001b[0mcommon.fetchingData\u001b[0m\n        \u001b[36m</p>\u001b[39m\n      \u001b[36m</div>\u001b[39m\n    \u001b[36m</div>\u001b[39m\n  \u001b[36m</div>\u001b[39m\n\u001b[36m</body>\u001b[39m\n    at Object.getElementError (/Users/Omarjan/Projects/kitabim-ai/node_modules/@testing-library/dom/dist/config.js:37:19)\n    at /Users/Omarjan/Projects/kitabim-ai/node_modules/@testing-library/dom/dist/query-helpers.js:76:38\n    at /Users/Omarjan/Projects/kitabim-ai/node_modules/@testing-library/dom/dist/query-helpers.js:109:15\n    at /Users/Omarjan/Projects/kitabim-ai/apps/frontend/src/tests/components/admin/AdminView.test.tsx:196:31\n    at file:///Users/Omarjan/Projects/kitabim-ai/node_modules/@vitest/runner/dist/index.js:145:11\n    at file:///Users/Omarjan/Projects/kitabim-ai/node_modules/@vitest/runner/dist/index.js:915:26\n    at file:///Users/Omarjan/Projects/kitabim-ai/node_modules/@vitest/runner/dist/index.js:1243:20\n    at new Promise (<anonymous>)\n    at runWithTimeout (file:///Users/Omarjan/Projects/kitabim-ai/node_modules/@vitest/runner/dist/index.js:1209:10)\n    at file:///Users/Omarjan/Projects/kitabim-ai/node_modules/@vitest/runner/dist/index.js:1653:37"],"meta":{}},{"ancestorTitles":[],"fullName":"AdminView opens and closes category editor","status":"failed","title":"AdminView opens and closes category editor","duration":10.157999999999902,"failureMessages":["TestingLibraryElementError: Unable to find an element with the text: Add category.... This could be because the text is broken up by multiple elements. In this case, you can provide a function for your text matcher to make your matcher more flexible.\n\nIgnored nodes: comments, script, style\n\u001b[36m<body>\u001b[39m\n  \u001b[36m<div>\u001b[39m\n    \u001b[36m<div\u001b[39m\n      \u001b[33mclass\u001b[39m=\u001b[32m\"space-y-8 animate-fade-in\"\u001b[39m\n      \u001b[33mlang\u001b[39m=\u001b[32m\"ug\"\u001b[39m\n    \u001b[36m>\u001b[39m\n      \u001b[36m<div\u001b[39m\n        \u001b[33mclass\u001b[39m=\u001b[32m\"flex flex-col md:flex-row md:items-center justify-between gap-4 pb-6 border-b border-[#75C5F0]/20\"\u001b[39m\n      \u001b[36m>\u001b[39m\n        \u001b[36m<div\u001b[39m\n          \u001b[33mclass\u001b[39m=\u001b[32m\"flex items-center gap-3 md:gap-4 group\"\u001b[39m\n        \u001b[36m>\u001b[39m\n          \u001b[36m<div\u001b[39m\n            \u001b[33mclass\u001b[39m=\u001b[32m\"self-start mt-1 p-2 md:p-3 bg-[#0369a1] text-white rounded-xl shadow-lg shadow-[#0369a1]/20 icon-shake\"\u001b[39m\n          \u001b[36m>\u001b[39m\n            \u001b[36m<svg\u001b[39m\n              \u001b[33maria-hidden\u001b[39m=\u001b[32m\"true\"\u001b[39m\n              \u001b[33mclass\u001b[39m=\u001b[32m\"lucide lucide-book md:w-6 md:h-6\"\u001b[39m\n              \u001b[33mfill\u001b[39m=\u001b[32m\"none\"\u001b[39m\n              \u001b[33mheight\u001b[39m=\u001b[32m\"20\"\u001b[39m\n              \u001b[33mstroke\u001b[39m=\u001b[32m\"currentColor\"\u001b[39m\n              \u001b[33mstroke-linecap\u001b[39m=\u001b[32m\"round\"\u001b[39m\n              \u001b[33mstroke-linejoin\u001b[39m=\u001b[32m\"round\"\u001b[39m\n              \u001b[33mstroke-width\u001b[39m=\u001b[32m\"2\"\u001b[39m\n              \u001b[33mviewBox\u001b[39m=\u001b[32m\"0 0 24 24\"\u001b[39m\n              \u001b[33mwidth\u001b[39m=\u001b[32m\"20\"\u001b[39m\n              \u001b[33mxmlns\u001b[39m=\u001b[32m\"http://www.w3.org/2000/svg\"\u001b[39m\n            \u001b[36m>\u001b[39m\n              \u001b[36m<path\u001b[39m\n                \u001b[33md\u001b[39m=\u001b[32m\"M4 19.5v-15A2.5 2.5 0 0 1 6.5 2H19a1 1 0 0 1 1 1v18a1 1 0 0 1-1 1H6.5a1 1 0 0 1 0-5H20\"\u001b[39m\n              \u001b[36m/>\u001b[39m\n            \u001b[36m</svg>\u001b[39m\n          \u001b[36m</div>\u001b[39m\n          \u001b[36m<div>\u001b[39m\n            \u001b[36m<h2\u001b[39m\n              \u001b[33mclass\u001b[39m=\u001b[32m\"text-xl md:text-2xl lg:text-3xl font-normal text-[#1a1a1a]\"\u001b[39m\n            \u001b[36m>\u001b[39m\n              \u001b[0madmin.table.managementSystem\u001b[0m\n            \u001b[36m</h2>\u001b[39m\n            \u001b[36m<div\u001b[39m\n              \u001b[33mclass\u001b[39m=\u001b[32m\"flex items-center gap-2 mt-1\"\u001b[39m\n            \u001b[36m>\u001b[39m\n              \u001b[36m<span\u001b[39m\n                \u001b[33mclass\u001b[39m=\u001b[32m\"w-6 md:w-8 h-[2px] bg-[#0369a1] rounded-full\"\u001b[39m\n              \u001b[36m/>\u001b[39m\n              \u001b[36m<div\u001b[39m\n                \u001b[33mclass\u001b[39m=\u001b[32m\"flex flex-col gap-1 opacity-70 mt-[-2px]\"\u001b[39m\n              \u001b[36m>\u001b[39m\n                \u001b[36m<p\u001b[39m\n                  \u001b[33mclass\u001b[39m=\u001b[32m\"uyghur-text font-normal text-[#1a1a1a] leading-relaxed italic transition-all duration-700\n          text-sm sm:text-base md:text-lg\n        \"\u001b[39m\n                \u001b[36m>\u001b[39m\n                  \u001b[0madmin.table.manageBooks\u001b[0m\n                \u001b[36m</p>\u001b[39m\n              \u001b[36m</div>\u001b[39m\n            \u001b[36m</div>\u001b[39m\n          \u001b[36m</div>\u001b[39m\n        \u001b[36m</div>\u001b[39m\n        \u001b[36m<div\u001b[39m\n          \u001b[33mclass\u001b[39m=\u001b[32m\"flex items-center gap-2 md:gap-3 px-4 md:px-6 py-2 md:py-2.5 bg-[#0369a1]/10 text-[#0369a1] rounded-2xl border border-[#0369a1]/10 shadow-inner w-fit\"\u001b[39m\n        \u001b[36m>\u001b[39m\n          \u001b[36m<svg\u001b[39m\n            \u001b[33maria-hidden\u001b[39m=\u001b[32m\"true\"\u001b[39m\n            \u001b[33mclass\u001b[39m=\u001b[32m\"lucide lucide-book-open md:w-[18px] md:h-[18px]\"\u001b[39m\n            \u001b[33mfill\u001b[39m=\u001b[32m\"none\"\u001b[39m\n            \u001b[33mheight\u001b[39m=\u001b[32m\"16\"\u001b[39m\n            \u001b[33mstroke\u001b[39m=\u001b[32m\"currentColor\"\u001b[39m\n            \u001b[33mstroke-linecap\u001b[39m=\u001b[32m\"round\"\u001b[39m\n            \u001b[33mstroke-linejoin\u001b[39m=\u001b[32m\"round\"\u001b[39m\n            \u001b[33mstroke-width\u001b[39m=\u001b[32m\"2.5\"\u001b[39m\n            \u001b[33mviewBox\u001b[39m=\u001b[32m\"0 0 24 24\"\u001b[39m\n            \u001b[33mwidth\u001b[39m=\u001b[32m\"16\"\u001b[39m\n            \u001b[33mxmlns\u001b[39m=\u001b[32m\"http://www.w3.org/2000/svg\"\u001b[39m\n          \u001b[36m>\u001b[39m\n            \u001b[36m<path\u001b[39m\n              \u001b[33md\u001b[39m=\u001b[32m\"M12 7v14\"\u001b[39m\n            \u001b[36m/>\u001b[39m\n            \u001b[36m<path\u001b[39m\n              \u001b[33md\u001b[39m=\u001b[32m\"M3 18a1 1 0 0 1-1-1V4a1 1 0 0 1 1-1h5a4 4 0 0 1 4 4 4 4 0 0 1 4-4h5a1 1 0 0 1 1 1v13a1 1 0 0 1-1 1h-6a3 3 0 0 0-3 3 3 3 0 0 0-3-3z\"\u001b[39m\n            \u001b[36m/>\u001b[39m\n          \u001b[36m</svg>\u001b[39m\n          \u001b[36m<span\u001b[39m\n            \u001b[33mclass\u001b[39m=\u001b[32m\"text-xs md:text-sm font-normal uppercase\"\u001b[39m\n          \u001b[36m>\u001b[39m\n            \u001b[0mchat.libraryBookCount\u001b[0m\n          \u001b[36m</span>\u001b[39m\n        \u001b[36m</div>\u001b[39m\n      \u001b[36m</div>\u001b[39m\n      \u001b[36m<div\u001b[39m\n        \u001b[33mclass\u001b[39m=\u001b[32m\"glass-panel p-20 flex flex-col items-center justify-center text-center animate-pulse z-50\"\u001b[39m\n      \u001b[36m>\u001b[39m\n        \u001b[36m<svg\u001b[39m\n          \u001b[33maria-hidden\u001b[39m=\u001b[32m\"true\"\u001b[39m\n          \u001b[33mclass\u001b[39m=\u001b[32m\"lucide lucide-database w-16 h-16 text-[#0369a1] mb-6 animate-bounce\"\u001b[39m\n          \u001b[33mfill\u001b[39m=\u001b[32m\"none\"\u001b[39m\n          \u001b[33mheight\u001b[39m=\u001b[32m\"24\"\u001b[39m\n          \u001b[33mstroke\u001b[39m=\u001b[32m\"currentColor\"\u001b[39m\n          \u001b[33mstroke-linecap\u001b[39m=\u001b[32m\"round\"\u001b[39m\n          \u001b[33mstroke-linejoin\u001b[39m=\u001b[32m\"round\"\u001b[39m\n          \u001b[33mstroke-width\u001b[39m=\u001b[32m\"2\"\u001b[39m\n          \u001b[33mviewBox\u001b[39m=\u001b[32m\"0 0 24 24\"\u001b[39m\n          \u001b[33mwidth\u001b[39m=\u001b[32m\"24\"\u001b[39m\n          \u001b[33mxmlns\u001b[39m=\u001b[32m\"http://www.w3.org/2000/svg\"\u001b[39m\n        \u001b[36m>\u001b[39m\n          \u001b[36m<ellipse\u001b[39m\n            \u001b[33mcx\u001b[39m=\u001b[32m\"12\"\u001b[39m\n            \u001b[33mcy\u001b[39m=\u001b[32m\"5\"\u001b[39m\n            \u001b[33mrx\u001b[39m=\u001b[32m\"9\"\u001b[39m\n            \u001b[33mry\u001b[39m=\u001b[32m\"3\"\u001b[39m\n          \u001b[36m/>\u001b[39m\n          \u001b[36m<path\u001b[39m\n            \u001b[33md\u001b[39m=\u001b[32m\"M3 5V19A9 3 0 0 0 21 19V5\"\u001b[39m\n          \u001b[36m/>\u001b[39m\n          \u001b[36m<path\u001b[39m\n            \u001b[33md\u001b[39m=\u001b[32m\"M3 12A9 3 0 0 0 21 12\"\u001b[39m\n          \u001b[36m/>\u001b[39m\n        \u001b[36m</svg>\u001b[39m\n        \u001b[36m<h3\u001b[39m\n          \u001b[33mclass\u001b[39m=\u001b[32m\"text-xl font-normal text-[#1a1a1a]\"\u001b[39m\n        \u001b[36m>\u001b[39m\n          \u001b[0mcommon.loading\u001b[0m\n        \u001b[36m</h3>\u001b[39m\n        \u001b[36m<p\u001b[39m\n          \u001b[33mclass\u001b[39m=\u001b[32m\"text-slate-500 font-normal\"\u001b[39m\n        \u001b[36m>\u001b[39m\n          \u001b[0mcommon.fetchingData\u001b[0m\n        \u001b[36m</p>\u001b[39m\n      \u001b[36m</div>\u001b[39m\n    \u001b[36m</div>\u001b[39m\n  \u001b[36m</div>\u001b[39m\n\u001b[36m</body>\u001b[39m\n    at Object.getElementError (/Users/Omarjan/Projects/kitabim-ai/node_modules/@testing-library/dom/dist/config.js:37:19)\n    at /Users/Omarjan/Projects/kitabim-ai/node_modules/@testing-library/dom/dist/query-helpers.js:76:38\n    at /Users/Omarjan/Projects/kitabim-ai/node_modules/@testing-library/dom/dist/query-helpers.js:52:17\n    at /Users/Omarjan/Projects/kitabim-ai/node_modules/@testing-library/dom/dist/query-helpers.js:95:19\n    at /Users/Omarjan/Projects/kitabim-ai/apps/fronte
[...]
ry-helpers.js:76:38\n    at /Users/Omarjan/Projects/kitabim-ai/node_modules/@testing-library/dom/dist/query-helpers.js:52:17\n    at /Users/Omarjan/Projects/kitabim-ai/node_modules/@testing-library/dom/dist/query-helpers.js:95:19\n    at /Users/Omarjan/Projects/kitabim-ai/apps/frontend/src/tests/components/common/Pagination.test.tsx:70:17\n    at file:///Users/Omarjan/Projects/kitabim-ai/node_modules/@vitest/runner/dist/index.js:145:11\n    at file:///Users/Omarjan/Projects/kitabim-ai/node_modules/@vitest/runner/dist/index.js:915:26\n    at file:///Users/Omarjan/Projects/kitabim-ai/node_modules/@vitest/runner/dist/index.js:1243:20\n    at new Promise (<anonymous>)\n    at runWithTimeout (file:///Users/Omarjan/Projects/kitabim-ai/node_modules/@vitest/runner/dist/index.js:1209:10)"],"meta":{}}],"startTime":1773202773322,"endTime":1773202773545.4578,"status":"failed","message":"","name":"/Users/Omarjan/Projects/kitabim-ai/apps/frontend/src/tests/components/common/Pagination.test.tsx"},{"assertionResults":[{"ancestorTitles":["Basic test for ProverbDisplay"],"fullName":"Basic test for ProverbDisplay should pass basic sanity check","status":"passed","title":"should pass basic sanity check","duration":0.5978330000000369,"failureMessages":[],"meta":{}}],"startTime":1773202775744,"endTime":1773202775744.598,"status":"passed","message":"","name":"/Users/Omarjan/Projects/kitabim-ai/apps/frontend/src/tests/components/common/ProverbDisplay.test.tsx"},{"assertionResults":[{"ancestorTitles":["Basic test for UserAvatar"],"fullName":"Basic test for UserAvatar should pass basic sanity check","status":"passed","title":"should pass basic sanity check","duration":0.5383749999999736,"failureMessages":[],"meta":{}}],"startTime":1773202775062,"endTime":1773202775062.5383,"status":"passed","message":"","name":"/Users/Omarjan/Projects/kitabim-ai/apps/frontend/src/tests/components/common/UserAvatar.test.tsx"},{"assertionResults":[{"ancestorTitles":["Basic test for JoinUsView"],"fullName":"Basic test for JoinUsView should pass basic sanity check","status":"passed","title":"should pass basic sanity check","duration":0.6100830000000315,"failureMessages":[],"meta":{}}],"startTime":1773202774262,"endTime":1773202774262.61,"status":"passed","message":"","name":"/Users/Omarjan/Projects/kitabim-ai/apps/frontend/src/tests/components/pages/JoinUsView.test.tsx"},{"assertionResults":[{"ancestorTitles":["Basic test for PageItem"],"fullName":"Basic test for PageItem should pass basic sanity check","status":"passed","title":"should pass basic sanity check","duration":0.6130830000000742,"failureMessages":[],"meta":{}}],"startTime":1773202775747,"endTime":1773202775747.613,"status":"passed","message":"","name":"/Users/Omarjan/Projects/kitabim-ai/apps/frontend/src/tests/components/reader/PageItem.test.tsx"},{"assertionResults":[{"ancestorTitles":[],"fullName":"ReaderView renders book content and controls","status":"failed","title":"ReaderView renders book content and controls","duration":44.62929199999985,"failureMessages":["TestingLibraryElementError: Unable to find an element with the text: Reader Book. This could be because the text is broken up by multiple elements. In this case, you can provide a function for your text matcher to make your matcher more flexible.\n\nIgnored nodes: comments, script, style\n\u001b[36m<body>\u001b[39m\n  \u001b[36m<div />\u001b[39m\n\u001b[36m</body>\u001b[39m\n    at Object.getElementError (/Users/Omarjan/Projects/kitabim-ai/node_modules/@testing-library/dom/dist/config.js:37:19)\n    at /Users/Omarjan/Projects/kitabim-ai/node_modules/@testing-library/dom/dist/query-helpers.js:76:38\n    at /Users/Omarjan/Projects/kitabim-ai/node_modules/@testing-library/dom/dist/query-helpers.js:52:17\n    at /Users/Omarjan/Projects/kitabim-ai/node_modules/@testing-library/dom/dist/query-helpers.js:95:19\n    at /Users/Omarjan/Projects/kitabim-ai/apps/frontend/src/tests/components/reader/ReaderView.test.tsx:72:17\n    at file:///Users/Omarjan/Projects/kitabim-ai/node_modules/@vitest/runner/dist/index.js:145:11\n    at file:///Users/Omarjan/Projects/kitabim-ai/node_modules/@vitest/runner/dist/index.js:915:26\n    at file:///Users/Omarjan/Projects/kitabim-ai/node_modules/@vitest/runner/dist/index.js:1243:20\n    at new Promise (<anonymous>)\n    at runWithTimeout (file:///Users/Omarjan/Projects/kitabim-ai/node_modules/@vitest/runner/dist/index.js:1209:10)"],"meta":{}},{"ancestorTitles":[],"fullName":"ReaderView handles font size changes","status":"failed","title":"ReaderView handles font size changes","duration":2.2697500000001583,"failureMessages":["TestingLibraryElementError: Unable to find an element with the title: Increase Font Size.\n\nIgnored nodes: comments, script, style\n\u001b[36m<body>\u001b[39m\n  \u001b[36m<div />\u001b[39m\n\u001b[36m</body>\u001b[39m\n    at Object.getElementError (/Users/Omarjan/Projects/kitabim-ai/node_modules/@testing-library/dom/dist/config.js:37:19)\n    at /Users/Omarjan/Projects/kitabim-ai/node_modules/@testing-library/dom/dist/query-helpers.js:76:38\n    at /Users/Omarjan/Projects/kitabim-ai/node_modules/@testing-library/dom/dist/query-helpers.js:52:17\n    at /Users/Omarjan/Projects/kitabim-ai/node_modules/@testing-library/dom/dist/query-helpers.js:95:19\n    at /Users/Omarjan/Projects/kitabim-ai/apps/frontend/src/tests/components/reader/ReaderView.test.tsx:111:30\n    at file:///Users/Omarjan/Projects/kitabim-ai/node_modules/@vitest/runner/dist/index.js:145:11\n    at file:///Users/Omarjan/Projects/kitabim-ai/node_modules/@vitest/runner/dist/index.js:915:26\n    at file:///Users/Omarjan/Projects/kitabim-ai/node_modules/@vitest/runner/dist/index.js:1243:20\n    at new Promise (<anonymous>)\n    at runWithTimeout (file:///Users/Omarjan/Projects/kitabim-ai/node_modules/@vitest/runner/dist/index.js:1209:10)"],"meta":{}},{"ancestorTitles":[],"fullName":"ReaderView enters and exits global edit mode","status":"failed","title":"ReaderView enters and exits global edit mode","duration":1.5657089999999698,"failureMessages":["TestingLibraryElementError: Unable to find an element with the text: EDIT BOOK. This could be because the text is broken up by multiple elements. In this case, you can provide a function for your text matcher to make your matcher more flexible.\n\nIgnored nodes: comments, script, style\n\u001b[36m<body>\u001b[39m\n  \u001b[36m<div />\u001b[39m\n\u001b[36m</body>\u001b[39m\n    at Object.getElementError (/Users/Omarjan/Projects/kitabim-ai/node_modules/@testing-library/dom/dist/config.js:37:19)\n    at /Users/Omarjan/Projects/kitabim-ai/node_modules/@testing-library/dom/dist/query-helpers.js:76:38\n    at /Users/Omarjan/Projects/kitabim-ai/node_modules/@testing-library/dom/dist/query-helpers.js:52:17\n    at /Users/Omarjan/Projects/kitabim-ai/node_modules/@testing-library/dom/dist/query-helpers.js:95:19\n    at /Users/Omarjan/Projects/kitabim-ai/apps/frontend/src/tests/components/reader/ReaderView.test.tsx:154:26\n    at file:///Users/Omarjan/Projects/kitabim-ai/node_modules/@vitest/runner/dist/index.js:145:11\n    at file:///Users/Omarjan/Projects/kitabim-ai/node_modules/@vitest/runner/dist/index.js:915:26\n    at file:///Users/Omarjan/Projects/kitabim-ai/node_modules/@vitest/runner/dist/index.js:1243:20\n    at new Promise (<anonymous>)\n    at runWithTimeout (file:///Users/Omarjan/Projects/kitabim-ai/node_modules/@vitest/runner/dist/index.js:1209:10)"],"meta":{}},{"ancestorTitles":[],"fullName":"ReaderView saves and cancels page edits","status":"failed","title":"ReaderView saves and cancels page edits","duration":1.4553750000000036,"failureMessages":["TestingLibraryElementError: Unable to find an element with the text: /SAVE & VERIFY PAGE/i. This could be because the text is broken up by multiple elements. In this case, you can provide a function for your text matcher to make your matcher more flexible.\n\nIgnored nodes: comments, script, style\n\u001b[36m<body>\u001b[39m\n  \u001b[36m<div />\u001b[39m\n\u001b[36m</body>\u001b[39m\n    at Object.getElementError (/Users/Omarjan/Projects/kitabim-ai/node_modules/@testing-library/dom/dist/config.js:37:19)\n    at /Users/Omarjan/Projects/kitabim-ai/node_modules/@testing-library/dom/dist/query-helpers.js:76:38\n    at /Users/Omarjan/Projects/kitabim-ai/node_modules/@testing-library/dom/dist/query-helpers.js:52:17\n    at /Users/Omarjan/Projects/kitabim-ai/node_modules/@testing-library/dom/dist/query-helpers.js:95:19\n    at /Users/Omarjan/Projects/kitabim-ai/apps/frontend/src/tests/components/reader/ReaderView.test.tsx:228:26\n    at file:///Users/Omarjan/Projects/kitabim-ai/node_modules/@vitest/runner/dist/index.js:145:11\n    at file:///Users/Omarjan/Projects/kitabim-ai/node_modules/@vitest/runner/dist/index.js:915:26\n    at file:///Users/Omarjan/Projects/kitabim-ai/node_modules/@vitest/runner/dist/index.js:1243:20\n    at new Promise (<anonymous>)\n    at runWithTimeout (file:///Users/Omarjan/Projects/kitabim-ai/node_modules/@vitest/runner/dist/index.js:1209:10)"],"meta":{}},{"ancestorTitles":[],"fullName":"ReaderView triggers page actions and close logic","status":"failed","title":"ReaderView triggers page actions and close logic","duration":1.2639169999999922,"failureMessages":["TestingLibraryElementError: Unable to find an element with the text: /RE-OCR PAGE/i. This could be because the text is broken up by multiple elements. In this case, you can provide a function for your text matcher to make your matcher more flexible.\n\nIgnored nodes: comments, script, style\n\u001b[36m<body>\u001b[39m\n  \u001b[36m<div />\u001b[39m\n\u001b[36m</body>\u001b[39m\n    at Object.getElementError (/Users/Omarjan/Projects/kitabim-ai/node_modules/@testing-library/dom/dist/config.js:37:19)\n    at /Users/Omarjan/Projects/kitabim-ai/node_modules/@testing-library/dom/dist/query-helpers.js:76:38\n    at /Users/Omarjan/Projects/kitabim-ai/node_modules/@testing-library/dom/dist/query-helpers.js:52:17\n    at /Users/Omarjan/Projects/kitabim-ai/node_modules/@testing-library/dom/dist/query-helpers.js:95:19\n    at /Users/Omarjan/Projects/kitabim-ai/apps/frontend/src/tests/components/reader/ReaderView.test.tsx:281:26\n    at file:///Users/Omarjan/Projects/kitabim-ai/node_modules/@vitest/runner/dist/index.js:145:11\n    at file:///Users/Omarjan/Projects/kitabim-ai/node_modules/@vitest/runner/dist/index.js:915:26\n    at file:///Users/Omarjan/Projects/kitabim-ai/node_modules/@vitest/runner/dist/index.js:1243:20\n    at new Promise (<anonymous>)\n    at runWithTimeout (file:///Users/Omarjan/Projects/kitabim-ai/node_modules/@vitest/runner/dist/index.js:1209:10)"],"meta":{}}],"startTime":1773202773558,"endTime":1773202773609.264,"status":"failed","message":"","name":"/Users/Omarjan/Projects/kitabim-ai/apps/frontend/src/tests/components/reader/ReaderView.test.tsx"},{"assertionResults":[{"ancestorTitles":["Basic test for VirtualScrollReader"],"fullName":"Basic test for VirtualScrollReader should pass basic sanity check","status":"passed","title":"should pass basic sanity check","duration":0.5197089999999207,"failureMessages":[],"meta":{}}],"startTime":1773202776066,"endTime":1773202776066.5198,"status":"passed","message":"","name":"/Users/Omarjan/Projects/kitabim-ai/apps/frontend/src/tests/components/reader/VirtualScrollReader.test.tsx"},{"assertionResults":[{"ancestorTitles":["Basic test for GlassPanel"],"fullName":"Basic test for GlassPanel should pass basic sanity check","status":"passed","title":"should pass basic sanity check","duration":1.395917000000054,"failureMessages":[],"meta":{}}],"startTime":1773202775859,"endTime":1773202775860.396,"status":"passed","message":"","name":"/Users/Omarjan/Projects/kitabim-ai/apps/frontend/src/tests/components/ui/GlassPanel.test.tsx"},{"assertionResults":[{"ancestorTitles":[],"fullName":"HighlightedText renders plain text without corrections","status":"passed","title":"HighlightedText renders plain text without corrections","duration":24.273042000000032,"failureMessages":[],"meta":{}},{"ancestorTitles":[],"fullName":"HighlightedText renders highlighted segments with titles","status":"failed","title":"HighlightedText renders highlighted segments with titles","duration":4.255832999999939,"failureMessages":["TestingLibraryElementError: Unable to find an element with the text: bad. This could be because the text is broken up by multiple elements. In this case, you can provide a function for your text matcher to make your matcher more flexible.\n\nIgnored nodes: comments, script, style\n\u001b[36m<body>\u001b[39m\n  \u001b[36m<div>\u001b[39m\n    \u001b[36m<div\u001b[39m\n      \u001b[33mclass\u001b[39m=\u001b[32m\" \"\u001b[39m\n      \u001b[33mdir\u001b[39m=\u001b[32m\"rtl\"\u001b[39m\n    \u001b[36m>\u001b[39m\n      \u001b[0mbad text\u001b[0m\n    \u001b[36m</div>\u001b[39m\n  \u001b[36m</div>\u001b[39m\n\u001b[36m</body>\u001b[39m\n    at Object.getElementError (/Users/Omarjan/Projects/kitabim-ai/node_modules/@testing-library/dom/dist/config.js:37:19)\n    at /Users/Omarjan/Projects/kitabim-ai/node_modules/@testing-library/dom/dist/query-helpers.js:76:38\n    at /Users/Omarjan/Projects/kitabim-ai/node_modules/@testing-library/dom/dist/query-helpers.js:52:17\n    at /Users/Omarjan/Projects/kitabim-ai/node_modules/@testing-library/dom/dist/query-helpers.js:95:19\n    at /Users/Omarjan/Projects/kitabim-ai/apps/frontend/src/tests/components/spell-check/HighlightedText.test.tsx:23:30\n    at file:///Users/Omarjan/Projects/kitabim-ai/node_modules/@vitest/runner/dist/index.js:145:11\n    at file:///Users/Omarjan/Projects/kitabim-ai/node_modules/@vitest/runner/dist/index.js:915:26\n    at file:///Users/Omarjan/Projects/kitabim-ai/node_modules/@vitest/runner/dist/index.js:1243:20\n    at new Promise (<anonymous>)\n    at runWithTimeout (file:///Users/Omarjan/Projects/kitabim-ai/node_modules/@vitest/runner/dist/index.js:1209:10)"],"meta":{}},{"ancestorTitles":[],"fullName":"HighlightedText supports layer mode","status":"passed","title":"HighlightedText supports layer mode","duration":1.4917500000000246,"failureMessages":[],"meta":{}}],"startTime":1773202773236,"endTime":1773202773266.4917,"status":"failed","message":"","name":"/Users/Omarjan/Projects/kitabim-ai/apps/frontend/src/tests/components/spell-check/HighlightedText.test.tsx"},{"assertionResults":[{"ancestorTitles":["Basic test for ReviewPanel"],"fullName":"Basic test for ReviewPanel should pass basic sanity check","status":"passed","title":"should pass basic sanity check","duration":0.5935419999999567,"failureMessages":[],"meta":{}}],"startTime":1773202775589,"endTime":1773202775589.5935,"status":"passed","message":"","name":"/Users/Omarjan/Projects/kitabim-ai/apps/frontend/src/tests/components/spell-check/ReviewPanel.test.tsx"},{"assertionResults":[{"ancestorTitles":[],"fullName":"SpellCheckPanel shows spinner when loading before first load","status":"passed","title":"SpellCheckPanel shows spinner when loading before first load","duration":29.277375000000006,"failureMessages":[],"meta":{}},{"ancestorTitles":[],"fullName":"SpellCheckPanel shows nothing when no issues and hasLoaded","status":"passed","title":"SpellCheckPanel shows nothing when no issues and hasLoaded","duration":4.2967499999999745,"failureMessages":[],"meta":{}},{"ancestorTitles":[],"fullName":"SpellCheckPanel renders active issue with OCR suggestions","status":"passed","title":"SpellCheckPanel renders active issue with OCR suggestions","duration":15.886540999999966,"failureMessages":[],"meta":{}},{"ancestorTitles":[],"fullName":"Clicking OCR suggestion calls onAddPending with correct args","status":"passed","title":"Clicking OCR suggestion calls onAddPending with correct args","duration":9.906166999999982,"failureMessages":[],"meta":{}},{"ancestorTitles":[],"fullName":"Custom input calls onAddPending on apply button click","status":"passed","title":"Custom input calls onAddPending on apply button click","duration":132.05525,"failureMessages":[],"meta":{}},{"ancestorTitles":[],"fullName":"Custom input calls onAddPending on Enter key","status":"passed","title":"Custom input calls onAddPending on Enter key","duration":17.162249999999858,"failureMessages":[],"meta":{}},{"ancestorTitles":[],"fullName":"Clicking ignore calls onIgnoreIssue","status":"passed","title":"Clicking ignore calls onIgnoreIssue","duration":163.3180829999999,"failureMessages":[],"meta":{}},{"ancestorTitles":[],"fullName":"Clicking skip moves to skipped state","status":"passed","title":"Clicking skip moves to skipped state","duration":139.04925000000003,"failureMessages":[],"meta":{}},{"ancestorTitles":[],"fullName":"Issue queued in pendingIssueIds shows queued card","status":"passed","title":"Issue queued in pendingIssueIds shows queued card","duration":3.1274579999999332,"failureMessages":[],"meta":{}},{"ancestorTitles":[],"fullName":"Edit button opens page text editor with full page text","status":"passed","title":"Edit button opens page text editor with full page text","duration":40.09920799999986,"failureMessages":[],"meta":{}}],"startTime":1773202774207,"endTime":1773202774761.099,"status":"passed","message":"","name":"/Users/Omarjan/Projects/kitabim-ai/apps/frontend/src/tests/components/spell-check/SpellCheckPanel.test.tsx"},{"assertionResults":[{"ancestorTitles":["Basic test for SpellCheckView"],"fullName":"Basic test for SpellCheckView should pass basic sanity check","status":"passed","title":"should pass basic sanity check","duration":1.0923330000000533,"failureMessages":[],"meta":{}}],"startTime":1773202776395,"endTime":1773202776396.0923,"status":"passed","message":"","name":"/Users/Omarjan/Projects/kitabim-ai/apps/frontend/src/tests/components/spell-check/SpellCheckView.test.tsx"},{"assertionResults":[{"ancestorTitles":["Basic test for index"],"fullName":"Basic test for index should pass basic sanity check","status":"passed","title":"should pass basic sanity check","duration":0.5979999999999563,"failureMessages":[],"meta":{}}],"startTime":1773202774214,"endTime":1773202774214.598,"status":"passed","message":"","name":"/Users/Omarjan/Projects/kitabim-ai/apps/frontend/src/tests/components/spell-check/index.test.ts"},{"assertionResults":[{"ancestorTitles":["Basic test for SystemConfigPanel"],"fullName":"Basic test for SystemConfigPanel should pass basic sanity check","status":"passed","title":"should pass basic sanity check","duration":0.5332080000000587,"failureMessages":[],"meta":{}}],"startTime":1773202775000,"endTime":1773202775000.5332,"status":"passed","message":"","name":"/Users/Omarjan/Projects/kitabim-ai/apps/frontend/src/tests/components/admin/config/SystemConfigPanel.test.tsx"},{"assertionResults":[{"ancestorTitles":["Basic test for index"],"fullName":"Basic test for index should pass basic sanity check","status":"passed","title":"should pass basic sanity check","duration":0.5114170000000513,"failureMessages":[],"meta":{}}],"startTime":1773202776456,"endTime":1773202776456.5115,"status":"passed","message":"","name":"/Users/Omarjan/Projects/kitabim-ai/apps/frontend/src/tests/components/admin/config/index.test.ts"},{"assertionResults":[{"ancestorTitles":["Basic test for UserManagementPanel"],"fullName":"Basic test for UserManagementPanel should pass basic sanity check","status":"passed","title":"should pass basic sanity check","duration":0.5316249999999627,"failureMessages":[],"meta":{}}],"startTime":1773202775740,"endTime":1773202775740.5317,"status":"passed","message":"","name":"/Users/Omarjan/Projects/kitabim-ai/apps/frontend/src/tests/components/admin/users/UserManagementPanel.test.tsx"},{"assertionResults":[{"ancestorTitles":["Basic test for index"],"fullName":"Basic test for index should pass basic sanity check","status":"passed","title":"should pass basic sanity check","duration":0.5451249999999845,"failureMessages":[],"meta":{}}],"startTime":1773202776409,"endTime":1773202776409.5452,"status":"passed","message":"","name":"/Users/Omarjan/Projects/kitabim-ai/apps/frontend/src/tests/components/admin/users/index.test.ts"}]}
